#
# There is insufficient memory for the Java Runtime Environment to continue.
# Native memory allocation (malloc) failed to allocate 32744 bytes for ChunkPool::allocate
# Possible reasons:
#   The system is out of physical RAM or swap space
#   In 32 bit mode, the process size limit was hit
# Possible solutions:
#   Reduce memory load on the system
#   Increase physical memory or swap space
#   Check if swap backing store is full
#   Use 64 bit Java on a 64 bit OS
#   Decrease Java heap size (-Xmx/-Xms)
#   Decrease number of Java threads
#   Decrease Java thread stack sizes (-Xss)
#   Set larger code cache with -XX:ReservedCodeCacheSize=
# This output file may be truncated or incomplete.
#
#  Out of Memory Error (allocation.cpp:273), pid=16484, tid=0x0000000000001fe0
#
# JRE version: OpenJDK Runtime Environment (8.0_152-b02) (build 1.8.0_152-release-1024-b02)
# Java VM: OpenJDK 64-Bit Server VM (25.152-b02 mixed mode windows-amd64 compressed oops)
# Failed to write core dump. Minidumps are not enabled by default on client versions of Windows
#

---------------  T H R E A D  ---------------

Current thread (0x0000000018f35000):  JavaThread "RMI TCP Connection(2)-127.0.0.1" daemon [_thread_in_vm, id=8160, stack(0x0000000019e50000,0x0000000019f50000)]

Stack: [0x0000000019e50000,0x0000000019f50000]
[error occurred during error reporting (printing stack bounds), id 0xc0000005]

Native frames: (J=compiled Java code, j=interpreted, Vv=VM code, C=native code)

Java frames: (J=compiled Java code, j=interpreted, Vv=VM code)
J 815  java.lang.ClassLoader.defineClass1(Ljava/lang/String;[BIILjava/security/ProtectionDomain;Ljava/lang/String;)Ljava/lang/Class; (0 bytes) @ 0x00000000036eb69f [0x00000000036eb600+0x9f]
J 3556 C2 java.lang.ClassLoader.defineClass(Ljava/lang/String;[BIILjava/security/ProtectionDomain;)Ljava/lang/Class; (43 bytes) @ 0x0000000003e12a74 [0x0000000003e12580+0x4f4]
J 2190 C1 java.security.SecureClassLoader.defineClass(Ljava/lang/String;[BIILjava/security/CodeSource;)Ljava/lang/Class; (16 bytes) @ 0x0000000003a55ed4 [0x0000000003a55d80+0x154]
J 1708 C2 java.net.URLClassLoader$1.run()Ljava/lang/Object; (5 bytes) @ 0x0000000003a1c820 [0x0000000003a1a200+0x2620]
v  ~StubRoutines::call_stub
J 169  java.security.AccessController.doPrivileged(Ljava/security/PrivilegedExceptionAction;Ljava/security/AccessControlContext;)Ljava/lang/Object; (0 bytes) @ 0x000000000357be26 [0x000000000357bdc0+0x66]
J 2209 C2 java.net.URLClassLoader.findClass(Ljava/lang/String;)Ljava/lang/Class; (47 bytes) @ 0x0000000003a5e130 [0x0000000003a5e0a0+0x90]
J 2462 C2 java.lang.ClassLoader.loadClass(Ljava/lang/String;Z)Ljava/lang/Class; (122 bytes) @ 0x0000000003b2343c [0x0000000003b22a60+0x9dc]
J 3028 C2 java.lang.ClassLoader.loadClass(Ljava/lang/String;)Ljava/lang/Class; (7 bytes) @ 0x0000000003c9759c [0x0000000003c97400+0x19c]
v  ~StubRoutines::call_stub
j  org.jetbrains.kotlin.metadata.ProtoBuf$ValueParameter.newBuilder()Lorg/jetbrains/kotlin/metadata/ProtoBuf$ValueParameter$Builder;+0
j  org.jetbrains.kotlin.serialization.DescriptorSerializer.valueParameter(Lorg/jetbrains/kotlin/descriptors/ValueParameterDescriptor;)Lorg/jetbrains/kotlin/metadata/ProtoBuf$ValueParameter$Builder;+0
j  org.jetbrains.kotlin.serialization.DescriptorSerializer.constructorProto(Lorg/jetbrains/kotlin/descriptors/ConstructorDescriptor;)Lorg/jetbrains/kotlin/metadata/ProtoBuf$Constructor$Builder;+131
j  org.jetbrains.kotlin.serialization.DescriptorSerializer.classProto(Lorg/jetbrains/kotlin/descriptors/ClassDescriptor;)Lorg/jetbrains/kotlin/metadata/ProtoBuf$Class$Builder;+351
j  org.jetbrains.kotlin.codegen.MemberCodegen.generateKotlinClassMetadataAnnotation(Lorg/jetbrains/kotlin/descriptors/ClassDescriptor;Z)V+27
j  org.jetbrains.kotlin.codegen.ImplementationBodyCodegen.generateKotlinMetadataAnnotation()V+6
j  org.jetbrains.kotlin.codegen.MemberCodegen.generate()V+74
j  org.jetbrains.kotlin.codegen.MemberCodegen.genClassOrObject(Lorg/jetbrains/kotlin/codegen/context/CodegenContext;Lorg/jetbrains/kotlin/psi/KtPureClassOrObject;Lorg/jetbrains/kotlin/codegen/state/GenerationState;Lorg/jetbrains/kotlin/codegen/MemberCodegen;Lorg/jetbrains/kotlin/descriptors/ClassDescriptor;)V+61
j  org.jetbrains.kotlin.codegen.MemberCodegen.genClassOrObject(Lorg/jetbrains/kotlin/codegen/context/CodegenContext;Lorg/jetbrains/kotlin/psi/KtClassOrObject;Lorg/jetbrains/kotlin/codegen/state/GenerationState;Lorg/jetbrains/kotlin/codegen/MemberCodegen;)V+72
j  org.jetbrains.kotlin.codegen.PackageCodegenImpl.generateClassOrObject(Lorg/jetbrains/kotlin/psi/KtClassOrObject;Lorg/jetbrains/kotlin/codegen/context/PackageContext;)V+7
j  org.jetbrains.kotlin.codegen.PackageCodegenImpl.generateClassesAndObjectsInFile(Ljava/util/List;Lorg/jetbrains/kotlin/codegen/context/PackageContext;)V+39
j  org.jetbrains.kotlin.codegen.PackageCodegenImpl.generateFile(Lorg/jetbrains/kotlin/psi/KtFile;)V+197
j  org.jetbrains.kotlin.codegen.PackageCodegenImpl.generate(Lorg/jetbrains/kotlin/codegen/CompilationErrorHandler;)V+34
j  org.jetbrains.kotlin.codegen.DefaultCodegenFactory.generatePackage(Lorg/jetbrains/kotlin/codegen/state/GenerationState;Lorg/jetbrains/kotlin/name/FqName;Ljava/util/Collection;Lorg/jetbrains/kotlin/codegen/CompilationErrorHandler;)V+40
j  org.jetbrains.kotlin.codegen.DefaultCodegenFactory.generateModule(Lorg/jetbrains/kotlin/codegen/state/GenerationState;Ljava/util/Collection;Lorg/jetbrains/kotlin/codegen/CompilationErrorHandler;)V+332
j  org.jetbrains.kotlin.codegen.KotlinCodegenFacade.doGenerateFiles(Ljava/util/Collection;Lorg/jetbrains/kotlin/codegen/state/GenerationState;Lorg/jetbrains/kotlin/codegen/CompilationErrorHandler;)V+7
j  org.jetbrains.kotlin.codegen.KotlinCodegenFacade.compileCorrectFiles(Lorg/jetbrains/kotlin/codegen/state/GenerationState;Lorg/jetbrains/kotlin/codegen/CompilationErrorHandler;)V+16
j  org.jetbrains.kotlin.cli.jvm.compiler.KotlinToJVMBytecodeCompiler.generate(Lorg/jetbrains/kotlin/cli/jvm/compiler/KotlinCoreEnvironment;Lorg/jetbrains/kotlin/config/CompilerConfiguration;Lorg/jetbrains/kotlin/analyzer/AnalysisResult;Ljava/util/List;Lorg/jetbrains/kotlin/modules/Module;)Lorg/jetbrains/kotlin/codegen/state/GenerationState;+146
j  org.jetbrains.kotlin.cli.jvm.compiler.KotlinToJVMBytecodeCompiler.compileModules$cli(Lorg/jetbrains/kotlin/cli/jvm/compiler/KotlinCoreEnvironment;Ljava/io/File;Ljava/util/List;)Z+384
j  org.jetbrains.kotlin.cli.jvm.K2JVMCompiler.doExecute(Lorg/jetbrains/kotlin/cli/common/arguments/K2JVMCompilerArguments;Lorg/jetbrains/kotlin/config/CompilerConfiguration;Lorg/jetbrains/kotlin/com/intellij/openapi/Disposable;Lorg/jetbrains/kotlin/utils/KotlinPaths;)Lorg/jetbrains/kotlin/cli/common/ExitCode;+695
j  org.jetbrains.kotlin.cli.jvm.K2JVMCompiler.doExecute(Lorg/jetbrains/kotlin/cli/common/arguments/CommonCompilerArguments;Lorg/jetbrains/kotlin/config/CompilerConfiguration;Lorg/jetbrains/kotlin/com/intellij/openapi/Disposable;Lorg/jetbrains/kotlin/utils/KotlinPaths;)Lorg/jetbrains/kotlin/cli/common/ExitCode;+9
j  org.jetbrains.kotlin.cli.common.CLICompiler.execImpl(Lorg/jetbrains/kotlin/cli/common/messages/MessageCollector;Lorg/jetbrains/kotlin/config/Services;Lorg/jetbrains/kotlin/cli/common/arguments/CommonCompilerArguments;)Lorg/jetbrains/kotlin/cli/common/ExitCode;+145
j  org.jetbrains.kotlin.cli.common.CLICompiler.execImpl(Lorg/jetbrains/kotlin/cli/common/messages/MessageCollector;Lorg/jetbrains/kotlin/config/Services;Lorg/jetbrains/kotlin/cli/common/arguments/CommonToolArguments;)Lorg/jetbrains/kotlin/cli/common/ExitCode;+7
j  org.jetbrains.kotlin.cli.common.CLITool.exec(Lorg/jetbrains/kotlin/cli/common/messages/MessageCollector;Lorg/jetbrains/kotlin/config/Services;Lorg/jetbrains/kotlin/cli/common/arguments/CommonToolArguments;)Lorg/jetbrains/kotlin/cli/common/ExitCode;+77
j  org.jetbrains.kotlin.incremental.IncrementalJvmCompilerRunner.runCompiler(Ljava/util/Set;Lorg/jetbrains/kotlin/cli/common/arguments/K2JVMCompilerArguments;Lorg/jetbrains/kotlin/incremental/IncrementalJvmCachesManager;Lorg/jetbrains/kotlin/config/Services;Lorg/jetbrains/kotlin/cli/common/messages/MessageCollector;)Lorg/jetbrains/kotlin/cli/common/ExitCode;+200
j  org.jetbrains.kotlin.incremental.IncrementalJvmCompilerRunner.runCompiler(Ljava/util/Set;Lorg/jetbrains/kotlin/cli/common/arguments/CommonCompilerArguments;Lorg/jetbrains/kotlin/incremental/IncrementalCachesManager;Lorg/jetbrains/kotlin/config/Services;Lorg/jetbrains/kotlin/cli/common/messages/MessageCollector;)Lorg/jetbrains/kotlin/cli/common/ExitCode;+14
j  org.jetbrains.kotlin.incremental.IncrementalCompilerRunner.compileIncrementally(Lorg/jetbrains/kotlin/cli/common/arguments/CommonCompilerArguments;Lorg/jetbrains/kotlin/incremental/IncrementalCachesManager;Ljava/util/List;Lorg/jetbrains/kotlin/incremental/IncrementalCompilerRunner$CompilationMode;Lorg/jetbrains/kotlin/cli/common/messages/MessageCollector;)Lorg/jetbrains/kotlin/cli/common/ExitCode;+462
j  org.jetbrains.kotlin.incremental.IncrementalCompilerRunner.compile(Ljava/util/List;Lorg/jetbrains/kotlin/cli/common/arguments/CommonCompilerArguments;Lorg/jetbrains/kotlin/cli/common/messages/MessageCollector;Lorg/jetbrains/kotlin/incremental/ChangedFiles;)Lorg/jetbrains/kotlin/cli/common/ExitCode;+168
j  org.jetbrains.kotlin.daemon.CompileServiceImpl.execIncrementalCompiler(Lorg/jetbrains/kotlin/cli/common/arguments/K2JVMCompilerArguments;Lorg/jetbrains/kotlin/daemon/common/IncrementalCompilationOptions;Lorg/jetbrains/kotlin/daemon/common/IncrementalCompilerServicesFacade;Lorg/jetbrains/kotlin/daemon/common/CompilationResults;Lorg/jetbrains/kotlin/cli/common/messages/MessageCollector;Lorg/jetbrains/kotlin/daemon/report/DaemonMessageReporter;)Lorg/jetbrains/kotlin/cli/common/ExitCode;+1021
j  org.jetbrains.kotlin.daemon.CompileServiceImpl.access$execIncrementalCompiler(Lorg/jetbrains/kotlin/daemon/CompileServiceImpl;Lorg/jetbrains/kotlin/cli/common/arguments/K2JVMCompilerArguments;Lorg/jetbrains/kotlin/daemon/common/IncrementalCompilationOptions;Lorg/jetbrains/kotlin/daemon/common/IncrementalCompilerServicesFacade;Lorg/jetbrains/kotlin/daemon/common/CompilationResults;Lorg/jetbrains/kotlin/cli/common/messages/MessageCollector;Lorg/jetbrains/kotlin/daemon/report/DaemonMessageReporter;)Lorg/jetbrains/kotlin/cli/common/ExitCode;+10
j  org.jetbrains.kotlin.daemon.CompileServiceImpl$compile$$inlined$ifAlive$lambda$2.invoke(Lorg/jetbrains/kotlin/daemon/EventManager;Lorg/jetbrains/kotlin/daemon/common/Profiler;)Lorg/jetbrains/kotlin/cli/common/ExitCode;+50
j  org.jetbrains.kotlin.daemon.CompileServiceImpl$compile$$inlined$ifAlive$lambda$2.invoke(Ljava/lang/Object;Ljava/lang/Object;)Ljava/lang/Object;+9
j  org.jetbrains.kotlin.daemon.CompileServiceImpl$doCompile$$inlined$ifAlive$lambda$2.invoke()I+12
j  org.jetbrains.kotlin.daemon.CompileServiceImpl$doCompile$$inlined$ifAlive$lambda$2.invoke()Ljava/lang/Object;+1
j  org.jetbrains.kotlin.daemon.common.DummyProfiler.withMeasure(Ljava/lang/Object;Lkotlin/jvm/functions/Function0;)Ljava/lang/Object;+7
j  org.jetbrains.kotlin.daemon.CompileServiceImpl.checkedCompile(Lorg/jetbrains/kotlin/daemon/report/DaemonMessageReporter;Lorg/jetbrains/kotlin/daemon/common/Profiler;Lkotlin/jvm/functions/Function0;)Ljava/lang/Object;+41
j  org.jetbrains.kotlin.daemon.CompileServiceImpl.doCompile(ILorg/jetbrains/kotlin/daemon/report/DaemonMessageReporter;Lorg/jetbrains/kotlin/daemon/common/RemoteOperationsTracer;Lkotlin/jvm/functions/Function2;)Lorg/jetbrains/kotlin/daemon/common/CompileService$CallResult;+300
j  org.jetbrains.kotlin.daemon.CompileServiceImpl.compile(I[Ljava/lang/String;Lorg/jetbrains/kotlin/daemon/common/CompilationOptions;Lorg/jetbrains/kotlin/daemon/common/CompilerServicesFacadeBase;Lorg/jetbrains/kotlin/daemon/common/CompilationResults;)Lorg/jetbrains/kotlin/daemon/common/CompileService$CallResult;+735
v  ~StubRoutines::call_stub
j  sun.reflect.NativeMethodAccessorImpl.invoke0(Ljava/lang/reflect/Method;Ljava/lang/Object;[Ljava/lang/Object;)Ljava/lang/Object;+0
j  sun.reflect.NativeMethodAccessorImpl.invoke(Ljava/lang/Object;[Ljava/lang/Object;)Ljava/lang/Object;+100
j  sun.reflect.DelegatingMethodAccessorImpl.invoke(Ljava/lang/Object;[Ljava/lang/Object;)Ljava/lang/Object;+6
j  java.lang.reflect.Method.invoke(Ljava/lang/Object;[Ljava/lang/Object;)Ljava/lang/Object;+56
j  sun.rmi.server.UnicastServerRef.dispatch(Ljava/rmi/Remote;Ljava/rmi/server/RemoteCall;)V+209
j  sun.rmi.transport.Transport$1.run()Ljava/lang/Void;+23
j  sun.rmi.transport.Transport$1.run()Ljava/lang/Object;+1
v  ~StubRoutines::call_stub
J 169  java.security.AccessController.doPrivileged(Ljava/security/PrivilegedExceptionAction;Ljava/security/AccessControlContext;)Ljava/lang/Object; (0 bytes) @ 0x000000000357be26 [0x000000000357bdc0+0x66]
j  sun.rmi.transport.Transport.serviceCall(Ljava/rmi/server/RemoteCall;)Z+157
j  sun.rmi.transport.tcp.TCPTransport.handleMessages(Lsun/rmi/transport/Connection;Z)V+185
j  sun.rmi.transport.tcp.TCPTransport$ConnectionHandler.run0()V+680
j  sun.rmi.transport.tcp.TCPTransport$ConnectionHandler.lambda$run$0()Ljava/lang/Void;+1
j  sun.rmi.transport.tcp.TCPTransport$ConnectionHandler$$Lambda$5.run()Ljava/lang/Object;+4
v  ~StubRoutines::call_stub
j  java.security.AccessController.doPrivileged(Ljava/security/PrivilegedAction;Ljava/security/AccessControlContext;)Ljava/lang/Object;+0
j  sun.rmi.transport.tcp.TCPTransport$ConnectionHandler.run()V+58
j  java.util.concurrent.ThreadPoolExecutor.runWorker(Ljava/util/concurrent/ThreadPoolExecutor$Worker;)V+95
j  java.util.concurrent.ThreadPoolExecutor$Worker.run()V+5
j  java.lang.Thread.run()V+11
v  ~StubRoutines::call_stub

---------------  P R O C E S S  ---------------

Java Threads: ( => current thread )
  0x0000000018283000 JavaThread "RMI RenewClean-[localhost:1340,org.jetbrains.kotlin.daemon.common.LoopbackNetworkInterface$ClientLoopbackSocketFactory@65020d22]" daemon [_thread_blocked, id=12700, stack(0x0000000019f50000,0x000000001a050000)]
=>0x0000000018f35000 JavaThread "RMI TCP Connection(2)-127.0.0.1" daemon [_thread_in_vm, id=8160, stack(0x0000000019e50000,0x0000000019f50000)]
  0x0000000018f32000 JavaThread "RMI Scheduler(0)" daemon [_thread_blocked, id=19156, stack(0x0000000019d50000,0x0000000019e50000)]
  0x0000000018f29000 JavaThread "RMI TCP Connection(1)-127.0.0.1" daemon [_thread_in_native, id=1844, stack(0x0000000019c50000,0x0000000019d50000)]
  0x0000000003312800 JavaThread "DestroyJavaVM" [_thread_blocked, id=21524, stack(0x00000000031b0000,0x00000000032b0000)]
  0x0000000018f11800 JavaThread "GC Daemon" daemon [_thread_blocked, id=4456, stack(0x0000000019870000,0x0000000019970000)]
  0x0000000018ef7000 JavaThread "RMI Reaper" [_thread_blocked, id=3572, stack(0x0000000019770000,0x0000000019870000)]
  0x0000000018557000 JavaThread "Timer-0" daemon [_thread_blocked, id=5940, stack(0x0000000019570000,0x0000000019670000)]
  0x0000000018556000 JavaThread "RMI TCP Accept-17835" daemon [_thread_in_native, id=23568, stack(0x0000000019470000,0x0000000019570000)]
  0x0000000018203800 JavaThread "Service Thread" daemon [_thread_blocked, id=15868, stack(0x0000000018a70000,0x0000000018b70000)]
  0x000000001817d800 JavaThread "C1 CompilerThread2" daemon [_thread_blocked, id=9472, stack(0x0000000018970000,0x0000000018a70000)]
  0x0000000016ddd000 JavaThread "C2 CompilerThread1" daemon [_thread_in_native, id=14436, stack(0x0000000018870000,0x0000000018970000)]
  0x0000000016dd9800 JavaThread "C2 CompilerThread0" daemon [_thread_in_native, id=22212, stack(0x0000000018770000,0x0000000018870000)]
  0x0000000018178800 JavaThread "Attach Listener" daemon [_thread_blocked, id=15332, stack(0x0000000018670000,0x0000000018770000)]
  0x0000000016d8f000 JavaThread "Signal Dispatcher" daemon [_thread_blocked, id=12032, stack(0x0000000018570000,0x0000000018670000)]
  0x000000000340d000 JavaThread "Finalizer" daemon [_thread_blocked, id=25340, stack(0x0000000017fe0000,0x00000000180e0000)]
  0x0000000003402800 JavaThread "Reference Handler" daemon [_thread_blocked, id=24708, stack(0x0000000017ee0000,0x0000000017fe0000)]

Other Threads:
  0x0000000016d45000 VMThread [stack: 0x0000000017de0000,0x0000000017ee0000] [id=15632]
  0x0000000018204000 WatcherThread [stack: 0x0000000018b70000,0x0000000018c70000] [id=14448]

VM state:not at safepoint (normal execution)

VM Mutex/Monitor currently owned by a thread: None

Heap:
 PSYoungGen      total 124928K, used 50142K [0x00000000e0000000, 0x00000000ecf00000, 0x0000000100000000)
  eden space 93184K, 19% used [0x00000000e0000000,0x00000000e11fc2a0,0x00000000e5b00000)
  from space 31744K, 99% used [0x00000000e5b00000,0x00000000e79fb8e0,0x00000000e7a00000)
  to   space 41472K, 0% used [0x00000000ea680000,0x00000000ea680000,0x00000000ecf00000)
 ParOldGen       total 78848K, used 52175K [0x00000000a0000000, 0x00000000a4d00000, 0x00000000e0000000)
  object space 78848K, 66% used [0x00000000a0000000,0x00000000a32f3c50,0x00000000a4d00000)
 Metaspace       used 53117K, capacity 54004K, committed 54440K, reserved 1097728K
  class space    used 6351K, capacity 6557K, committed 6576K, reserved 1048576K

Card table byte_map: [0x00000000127d0000,0x0000000012ae0000] byte_map_base: 0x00000000122d0000

Marking Bits: (ParMarkBitMap*) 0x0000000077384970
 Begin Bits: [0x00000000130e0000, 0x00000000148e0000)
 End Bits:   [0x00000000148e0000, 0x00000000160e0000)

Polling page: 0x0000000001010000

CodeCache: size=245760Kb used=24065Kb max_used=24910Kb free=221694Kb
 bounds [0x0000000003410000, 0x0000000004c80000, 0x0000000012410000]
 total_blobs=7806 nmethods=7284 adapters=434
 compilation: enabled

Compilation events (10 events):
Event: 17.565 Thread 0x000000001817d800 8097       2       org.jetbrains.org.objectweb.asm.tree.InsnList::get (42 bytes)
Event: 17.566 Thread 0x000000001817d800 nmethod 8097 0x00000000038ac410 code [0x00000000038ac580, 0x00000000038ac7f8]
Event: 17.566 Thread 0x000000001817d800 8098       2       java.util.Vector::<init> (7 bytes)
Event: 17.566 Thread 0x000000001817d800 nmethod 8098 0x00000000036b1d10 code [0x00000000036b1e80, 0x00000000036b2008]
Event: 17.570 Thread 0x000000001817d800 8099       2       org.jetbrains.kotlin.com.intellij.psi.impl.PsiManagerImpl::findDirectory (21 bytes)
Event: 17.570 Thread 0x000000001817d800 nmethod 8099 0x00000000035e8110 code [0x00000000035e8280, 0x00000000035e8468]
Event: 17.570 Thread 0x000000001817d800 8100       2       org.jetbrains.kotlin.com.intellij.psi.impl.file.impl.FileManagerImpl::findDirectory (110 bytes)
Event: 17.571 Thread 0x000000001817d800 nmethod 8100 0x00000000036d0ad0 code [0x00000000036d0d60, 0x00000000036d1678]
Event: 17.573 Thread 0x000000001817d800 8101       2       org.jetbrains.kotlin.descriptors.impl.SimpleFunctionDescriptorImpl::getOriginal (5 bytes)
Event: 17.574 Thread 0x000000001817d800 nmethod 8101 0x000000000370c690 code [0x000000000370c800, 0x000000000370c988]

GC Heap History (10 events):
Event: 13.067 GC heap before
{Heap before GC invocations=10 (full 3):
 PSYoungGen      total 57344K, used 52224K [0x00000000e0000000, 0x00000000e5700000, 0x0000000100000000)
  eden space 52224K, 100% used [0x00000000e0000000,0x00000000e3300000,0x00000000e3300000)
  from space 5120K, 0% used [0x00000000e4080000,0x00000000e4080000,0x00000000e4580000)
  to   space 13824K, 0% used [0x00000000e3300000,0x00000000e3300000,0x00000000e4080000)
 ParOldGen       total 78848K, used 17764K [0x00000000a0000000, 0x00000000a4d00000, 0x00000000e0000000)
  object space 78848K, 22% used [0x00000000a0000000,0x00000000a11591e8,0x00000000a4d00000)
 Metaspace       used 39442K, capacity 40052K, committed 40744K, reserved 1085440K
  class space    used 4901K, capacity 5041K, committed 5168K, reserved 1048576K
Event: 13.078 GC heap after
Heap after GC invocations=10 (full 3):
 PSYoungGen      total 66048K, used 13065K [0x00000000e0000000, 0x00000000e6780000, 0x0000000100000000)
  eden space 52224K, 0% used [0x00000000e0000000,0x00000000e0000000,0x00000000e3300000)
  from space 13824K, 94% used [0x00000000e3300000,0x00000000e3fc2760,0x00000000e4080000)
  to   space 15872K, 0% used [0x00000000e5800000,0x00000000e5800000,0x00000000e6780000)
 ParOldGen       total 78848K, used 17772K [0x00000000a0000000, 0x00000000a4d00000, 0x00000000e0000000)
  object space 78848K, 22% used [0x00000000a0000000,0x00000000a115b1e8,0x00000000a4d00000)
 Metaspace       used 39442K, capacity 40052K, committed 40744K, reserved 1085440K
  class space    used 4901K, capacity 5041K, committed 5168K, reserved 1048576K
}
Event: 13.798 GC heap before
{Heap before GC invocations=11 (full 3):
 PSYoungGen      total 66048K, used 65289K [0x00000000e0000000, 0x00000000e6780000, 0x0000000100000000)
  eden space 52224K, 100% used [0x00000000e0000000,0x00000000e3300000,0x00000000e3300000)
  from space 13824K, 94% used [0x00000000e3300000,0x00000000e3fc2760,0x00000000e4080000)
  to   space 15872K, 0% used [0x00000000e5800000,0x00000000e5800000,0x00000000e6780000)
 ParOldGen       total 78848K, used 17772K [0x00000000a0000000, 0x00000000a4d00000, 0x00000000e0000000)
  object space 78848K, 22% used [0x00000000a0000000,0x00000000a115b1e8,0x00000000a4d00000)
 Metaspace       used 41467K, capacity 42180K, committed 42664K, reserved 1087488K
  class space    used 5052K, capacity 5225K, committed 5296K, reserved 1048576K
Event: 13.811 GC heap after
Heap after GC invocations=11 (full 3):
 PSYoungGen      total 88064K, used 15435K [0x00000000e0000000, 0x00000000e6c00000, 0x0000000100000000)
  eden space 72192K, 0% used [0x00000000e0000000,0x00000000e0000000,0x00000000e4680000)
  from space 15872K, 97% used [0x00000000e5800000,0x00000000e6712ef8,0x00000000e6780000)
  to   space 17920K, 0% used [0x00000000e4680000,0x00000000e4680000,0x00000000e5800000)
 ParOldGen       total 78848K, used 17780K [0x00000000a0000000, 0x00000000a4d00000, 0x00000000e0000000)
  object space 78848K, 22% used [0x00000000a0000000,0x00000000a115d1e8,0x00000000a4d00000)
 Metaspace       used 41467K, capacity 42180K, committed 42664K, reserved 1087488K
  class space    used 5052K, capacity 5225K, committed 5296K, reserved 1048576K
}
Event: 15.174 GC heap before
{Heap before GC invocations=12 (full 3):
 PSYoungGen      total 88064K, used 87627K [0x00000000e0000000, 0x00000000e6c00000, 0x0000000100000000)
  eden space 72192K, 100% used [0x00000000e0000000,0x00000000e4680000,0x00000000e4680000)
  from space 15872K, 97% used [0x00000000e5800000,0x00000000e6712ef8,0x00000000e6780000)
  to   space 17920K, 0% used [0x00000000e4680000,0x00000000e4680000,0x00000000e5800000)
 ParOldGen       total 78848K, used 17780K [0x00000000a0000000, 0x00000000a4d00000, 0x00000000e0000000)
  object space 78848K, 22% used [0x00000000a0000000,0x00000000a115d1e8,0x00000000a4d00000)
 Metaspace       used 47229K, capacity 48056K, committed 48552K, reserved 1091584K
  class space    used 5836K, capacity 6049K, committed 6064K, reserved 1048576K
Event: 15.196 GC heap after
Heap after GC invocations=12 (full 3):
 PSYoungGen      total 90112K, used 17903K [0x00000000e0000000, 0x00000000e9500000, 0x0000000100000000)
  eden space 72192K, 0% used [0x00000000e0000000,0x00000000e0000000,0x00000000e4680000)
  from space 17920K, 99% used [0x00000000e4680000,0x00000000e57fbf10,0x00000000e5800000)
  to   space 24576K, 0% used [0x00000000e7d00000,0x00000000e7d00000,0x00000000e9500000)
 ParOldGen       total 78848K, used 28401K [0x00000000a0000000, 0x00000000a4d00000, 0x00000000e0000000)
  object space 78848K, 36% used [0x00000000a0000000,0x00000000a1bbc7f8,0x00000000a4d00000)
 Metaspace       used 47229K, capacity 48056K, committed 48552K, reserved 1091584K
  class space    used 5836K, capacity 6049K, committed 6064K, reserved 1048576K
}
Event: 16.409 GC heap before
{Heap before GC invocations=13 (full 3):
 PSYoungGen      total 90112K, used 90095K [0x00000000e0000000, 0x00000000e9500000, 0x0000000100000000)
  eden space 72192K, 100% used [0x00000000e0000000,0x00000000e4680000,0x00000000e4680000)
  from space 17920K, 99% used [0x00000000e4680000,0x00000000e57fbf10,0x00000000e5800000)
  to   space 24576K, 0% used [0x00000000e7d00000,0x00000000e7d00000,0x00000000e9500000)
 ParOldGen       total 78848K, used 28401K [0x00000000a0000000, 0x00000000a4d00000, 0x00000000e0000000)
  object space 78848K, 36% used [0x00000000a0000000,0x00000000a1bbc7f8,0x00000000a4d00000)
 Metaspace       used 50286K, capacity 51218K, committed 51624K, reserved 1095680K
  class space    used 6060K, capacity 6254K, committed 6320K, reserved 1048576K
Event: 16.445 GC heap after
Heap after GC invocations=13 (full 3):
 PSYoungGen      total 117760K, used 24544K [0x00000000e0000000, 0x00000000e9900000, 0x0000000100000000)
  eden space 93184K, 0% used [0x00000000e0000000,0x00000000e0000000,0x00000000e5b00000)
  from space 24576K, 99% used [0x00000000e7d00000,0x00000000e94f8310,0x00000000e9500000)
  to   space 31744K, 0% used [0x00000000e5b00000,0x00000000e5b00000,0x00000000e7a00000)
 ParOldGen       total 78848K, used 38349K [0x00000000a0000000, 0x00000000a4d00000, 0x00000000e0000000)
  object space 78848K, 48% used [0x00000000a0000000,0x00000000a25735e0,0x00000000a4d00000)
 Metaspace       used 50286K, capacity 51218K, committed 51624K, reserved 1095680K
  class space    used 6060K, capacity 6254K, committed 6320K, reserved 1048576K
}
Event: 17.200 GC heap before
{Heap before GC invocations=14 (full 3):
 PSYoungGen      total 117760K, used 117728K [0x00000000e0000000, 0x00000000e9900000, 0x0000000100000000)
  eden space 93184K, 100% used [0x00000000e0000000,0x00000000e5b00000,0x00000000e5b00000)
  from space 24576K, 99% used [0x00000000e7d00000,0x00000000e94f8310,0x00000000e9500000)
  to   space 31744K, 0% used [0x00000000e5b00000,0x00000000e5b00000,0x00000000e7a00000)
 ParOldGen       total 78848K, used 38349K [0x00000000a0000000, 0x00000000a4d00000, 0x00000000e0000000)
  object space 78848K, 48% used [0x00000000a0000000,0x00000000a25735e0,0x00000000a4d00000)
 Metaspace       used 50460K, capacity 51350K, committed 51880K, reserved 1095680K
  class space    used 6060K, capacity 6254K, committed 6320K, reserved 1048576K
Event: 17.266 GC heap after
Heap after GC invocations=14 (full 3):
 PSYoungGen      total 124928K, used 31726K [0x00000000e0000000, 0x00000000ecf00000, 0x0000000100000000)
  eden space 93184K, 0% used [0x00000000e0000000,0x00000000e0000000,0x00000000e5b00000)
  from space 31744K, 99% used [0x00000000e5b00000,0x00000000e79fb8e0,0x00000000e7a00000)
  to   space 41472K, 0% used [0x00000000ea680000,0x00000000ea680000,0x00000000ecf00000)
 ParOldGen       total 78848K, used 52175K [0x00000000a0000000, 0x00000000a4d00000, 0x00000000e0000000)
  object space 78848K, 66% used [0x00000000a0000000,0x00000000a32f3c50,0x00000000a4d00000)
 Metaspace       used 50460K, capacity 51350K, committed 51880K, reserved 1095680K
  class space    used 6060K, capacity 6254K, committed 6320K, reserved 1048576K
}

Deoptimization events (10 events):
Event: 17.474 Thread 0x0000000018f35000 Uncommon trap: reason=class_check action=maybe_recompile pc=0x0000000004c1661c method=org.jetbrains.kotlin.storage.LockBasedStorageManager$MapBasedMemoizedFunction.invoke(Ljava/lang/Object;)Ljava/lang/Object; @ 34
Event: 17.522 Thread 0x0000000018f35000 Uncommon trap: reason=bimorphic action=maybe_recompile pc=0x0000000004b7f360 method=org.jetbrains.kotlin.builtins.KotlinBuiltIns.getPrimitiveType(Lorg/jetbrains/kotlin/descriptors/DeclarationDescriptor;)Lorg/jetbrains/kotlin/builtins/PrimitiveType; @ 7
Event: 17.522 Thread 0x0000000018f35000 Uncommon trap: reason=bimorphic action=maybe_recompile pc=0x0000000004b7f360 method=org.jetbrains.kotlin.builtins.KotlinBuiltIns.getPrimitiveType(Lorg/jetbrains/kotlin/descriptors/DeclarationDescriptor;)Lorg/jetbrains/kotlin/builtins/PrimitiveType; @ 7
Event: 17.532 Thread 0x0000000018f35000 Uncommon trap: reason=bimorphic action=maybe_recompile pc=0x0000000004617388 method=org.jetbrains.kotlin.gnu.trove.TIterator.hasNext()Z @ 1
Event: 17.532 Thread 0x0000000018f35000 Uncommon trap: reason=bimorphic action=maybe_recompile pc=0x0000000004617388 method=org.jetbrains.kotlin.gnu.trove.TIterator.hasNext()Z @ 1
Event: 17.535 Thread 0x0000000018f35000 Uncommon trap: reason=bimorphic action=maybe_recompile pc=0x0000000004617388 method=org.jetbrains.kotlin.gnu.trove.TIterator.hasNext()Z @ 1
Event: 17.535 Thread 0x0000000018f35000 Uncommon trap: reason=bimorphic action=maybe_recompile pc=0x0000000004617388 method=org.jetbrains.kotlin.gnu.trove.TIterator.hasNext()Z @ 1
Event: 17.536 Thread 0x0000000018f35000 Uncommon trap: reason=bimorphic action=maybe_recompile pc=0x0000000004b7f360 method=org.jetbrains.kotlin.builtins.KotlinBuiltIns.getPrimitiveType(Lorg/jetbrains/kotlin/descriptors/DeclarationDescriptor;)Lorg/jetbrains/kotlin/builtins/PrimitiveType; @ 7
Event: 17.579 Thread 0x0000000018f35000 Uncommon trap: reason=bimorphic action=maybe_recompile pc=0x00000000043d432c method=org.jetbrains.kotlin.serialization.deserialization.descriptors.DeserializedMemberScope.hasClass(Lorg/jetbrains/kotlin/name/Name;)Z @ 12
Event: 17.579 Thread 0x0000000018f35000 Uncommon trap: reason=bimorphic action=maybe_recompile pc=0x00000000043d432c method=org.jetbrains.kotlin.serialization.deserialization.descriptors.DeserializedMemberScope.hasClass(Lorg/jetbrains/kotlin/name/Name;)Z @ 12

Classes redefined (0 events):
No events

Internal exceptions (10 events):
Event: 14.283 Thread 0x0000000018f35000 Exception <a 'java/lang/NoSuchMethodError': java.lang.Object.lambda$static$0(I)[Lorg/jetbrains/kotlin/com/intellij/psi/PsiTypeParameter;> (0x00000000e1cadda8) thrown at [D:\src\AOSP-openjdk-cygwin\jdk8u\hotspot\src\share\vm\interpreter\linkResolver.cpp, l
Event: 14.327 Thread 0x0000000018f35000 Exception <a 'java/lang/NoSuchMethodError': java.lang.Object.lambda$static$0(I)[Lorg/jetbrains/kotlin/com/intellij/psi/PsiMethod;> (0x00000000e1d30470) thrown at [D:\src\AOSP-openjdk-cygwin\jdk8u\hotspot\src\share\vm\interpreter\linkResolver.cpp, line 584
Event: 14.328 Thread 0x0000000018f35000 Exception <a 'java/lang/NoSuchMethodError': java.lang.Object.lambda$static$0(I)[Lorg/jetbrains/kotlin/com/intellij/psi/PsiField;> (0x00000000e1d3b138) thrown at [D:\src\AOSP-openjdk-cygwin\jdk8u\hotspot\src\share\vm\interpreter\linkResolver.cpp, line 584]
Event: 14.351 Thread 0x0000000018f35000 Exception <a 'java/lang/NoSuchMethodError': java.lang.Object.lambda$static$0(I)[Lorg/jetbrains/kotlin/com/intellij/psi/PsiJavaCodeReferenceElement;> (0x00000000e1e26018) thrown at [D:\src\AOSP-openjdk-cygwin\jdk8u\hotspot\src\share\vm\interpreter\linkReso
Event: 14.450 Thread 0x0000000018f35000 Implicit null exception at 0x000000000411dfa0 to 0x000000000411f431
Event: 15.563 Thread 0x0000000018f35000 Implicit null exception at 0x00000000036d2d55 to 0x00000000036d2f25
Event: 15.578 Thread 0x0000000018f35000 Implicit null exception at 0x00000000039da10c to 0x00000000039da176
Event: 17.397 Thread 0x0000000018f35000 Implicit null exception at 0x000000000487d0f0 to 0x000000000487d11d
Event: 17.400 Thread 0x0000000018f35000 Exception <a 'java/lang/NoSuchMethodError': java.lang.Object.lambda$static$0(Ljava/lang/Throwable;Ljava/lang/String;)V> (0x00000000e0865840) thrown at [D:\src\AOSP-openjdk-cygwin\jdk8u\hotspot\src\share\vm\interpreter\linkResolver.cpp, line 584]
Event: 17.567 Thread 0x0000000018f35000 Exception <a 'java/lang/NoSuchMethodError': java.lang.Object.lambda$static$0(Lorg/jetbrains/kotlin/descriptors/ValueParameterDescriptor;Lorg/jetbrains/kotlin/codegen/ExpressionCodegen;)Lorg/jetbrains/kotlin/codegen/StackValue;> (0x00000000e10a19a8) thrown

Events (10 events):
Event: 17.582 loading class org/jetbrains/kotlin/metadata/jvm/serialization/JvmStringTable
Event: 17.582 loading class org/jetbrains/kotlin/metadata/jvm/serialization/JvmStringTable done
Event: 17.582 Executing VM operation: Deoptimize
Event: 17.583 Executing VM operation: Deoptimize done
Event: 17.583 Executing VM operation: Deoptimize
Event: 17.584 Executing VM operation: Deoptimize done
Event: 17.584 loading class org/jetbrains/kotlin/metadata/jvm/JvmProtoBuf$StringTableTypes$Record$Builder
Event: 17.584 loading class org/jetbrains/kotlin/metadata/jvm/JvmProtoBuf$StringTableTypes$Record$Builder done
Event: 17.586 loading class org/jetbrains/kotlin/metadata/ProtoBuf$ValueParameter$Builder
Event: 17.586 loading class org/jetbrains/kotlin/metadata/ProtoBuf$ValueParameter$Builder done


Dynamic libraries:
0x00007ff6db6f0000 - 0x00007ff6db721000 	C:\Program Files\Android\Android Studio\jre\jre\bin\java.exe
0x00007ffc1be40000 - 0x00007ffc1c021000 	C:\WINDOWS\SYSTEM32\ntdll.dll
0x00007ffc194b0000 - 0x00007ffc19562000 	C:\WINDOWS\System32\KERNEL32.DLL
0x00007ffc18450000 - 0x00007ffc186c3000 	C:\WINDOWS\System32\KERNELBASE.dll
0x00007ffc19400000 - 0x00007ffc194a1000 	C:\WINDOWS\System32\ADVAPI32.dll
0x00007ffc19570000 - 0x00007ffc1960e000 	C:\WINDOWS\System32\msvcrt.dll
0x00007ffc19620000 - 0x00007ffc1967b000 	C:\WINDOWS\System32\sechost.dll
0x00007ffc1a340000 - 0x00007ffc1a464000 	C:\WINDOWS\System32\RPCRT4.dll
0x00007ffc1b940000 - 0x00007ffc1bad0000 	C:\WINDOWS\System32\USER32.dll
0x00007ffc186d0000 - 0x00007ffc186f0000 	C:\WINDOWS\System32\win32u.dll
0x00007ffc1b910000 - 0x00007ffc1b938000 	C:\WINDOWS\System32\GDI32.dll
0x00007ffc182b0000 - 0x00007ffc18442000 	C:\WINDOWS\System32\gdi32full.dll
0x00007ffc18210000 - 0x00007ffc182af000 	C:\WINDOWS\System32\msvcp_win.dll
0x00007ffc18a10000 - 0x00007ffc18b0a000 	C:\WINDOWS\System32\ucrtbase.dll
0x00007ffc07300000 - 0x00007ffc07569000 	C:\WINDOWS\WinSxS\amd64_microsoft.windows.common-controls_6595b64144ccf1df_6.0.17134.165_none_fb429645306569ac\COMCTL32.dll
0x00007ffc1bae0000 - 0x00007ffc1be03000 	C:\WINDOWS\System32\combase.dll
0x00007ffc186f0000 - 0x00007ffc1876a000 	C:\WINDOWS\System32\bcryptPrimitives.dll
0x00007ffc19e50000 - 0x00007ffc19e7d000 	C:\WINDOWS\System32\IMM32.DLL
0x0000000077a30000 - 0x0000000077b02000 	C:\Program Files\Android\Android Studio\jre\jre\bin\msvcr100.dll
0x0000000076bc0000 - 0x00000000773ff000 	C:\Program Files\Android\Android Studio\jre\jre\bin\server\jvm.dll
0x00007ffc1bad0000 - 0x00007ffc1bad8000 	C:\WINDOWS\System32\PSAPI.DLL
0x00007ffc152a0000 - 0x00007ffc152c3000 	C:\WINDOWS\SYSTEM32\WINMM.dll
0x00007ffc01850000 - 0x00007ffc01859000 	C:\WINDOWS\SYSTEM32\WSOCK32.dll
0x00007ffc15a70000 - 0x00007ffc15a7a000 	C:\WINDOWS\SYSTEM32\VERSION.dll
0x00007ffc19c40000 - 0x00007ffc19cac000 	C:\WINDOWS\System32\WS2_32.dll
0x00007ffc15160000 - 0x00007ffc1518a000 	C:\WINDOWS\SYSTEM32\WINMMBASE.dll
0x00007ffc189c0000 - 0x00007ffc18a09000 	C:\WINDOWS\System32\cfgmgr32.dll
0x00007ffc15b50000 - 0x00007ffc15b5f000 	C:\Program Files\Android\Android Studio\jre\jre\bin\verify.dll
0x00007ffc09f30000 - 0x00007ffc09f59000 	C:\Program Files\Android\Android Studio\jre\jre\bin\java.dll
0x00007ffc122c0000 - 0x00007ffc122d6000 	C:\Program Files\Android\Android Studio\jre\jre\bin\zip.dll
0x00007ffc1a470000 - 0x00007ffc1b8b0000 	C:\WINDOWS\System32\SHELL32.dll
0x00007ffc192f0000 - 0x00007ffc19399000 	C:\WINDOWS\System32\shcore.dll
0x00007ffc18b10000 - 0x00007ffc1921d000 	C:\WINDOWS\System32\windows.storage.dll
0x00007ffc19f70000 - 0x00007ffc19fc1000 	C:\WINDOWS\System32\shlwapi.dll
0x00007ffc181d0000 - 0x00007ffc181e1000 	C:\WINDOWS\System32\kernel.appcore.dll
0x00007ffc181f0000 - 0x00007ffc1820f000 	C:\WINDOWS\System32\profapi.dll
0x00007ffc18150000 - 0x00007ffc1819c000 	C:\WINDOWS\System32\powrprof.dll
0x00007ffc181c0000 - 0x00007ffc181ca000 	C:\WINDOWS\System32\FLTLIB.DLL
0x00007ffc127c0000 - 0x00007ffc127cd000 	C:\Program Files\Android\Android Studio\jre\jre\bin\management.dll
0x00007ffc09f10000 - 0x00007ffc09f2a000 	C:\Program Files\Android\Android Studio\jre\jre\bin\net.dll
0x00007ffc179d0000 - 0x00007ffc17a36000 	C:\WINDOWS\system32\mswsock.dll
0x00007ffc0f920000 - 0x00007ffc0f931000 	C:\Program Files\Android\Android Studio\jre\jre\bin\nio.dll
0x00007ffc17b80000 - 0x00007ffc17b97000 	C:\WINDOWS\SYSTEM32\CRYPTSP.dll
0x00007ffc175b0000 - 0x00007ffc175e3000 	C:\WINDOWS\system32\rsaenh.dll
0x00007ffc17cb0000 - 0x00007ffc17cd5000 	C:\WINDOWS\SYSTEM32\bcrypt.dll
0x00007ffc18050000 - 0x00007ffc18078000 	C:\WINDOWS\SYSTEM32\USERENV.dll
0x00007ffc17ba0000 - 0x00007ffc17bab000 	C:\WINDOWS\SYSTEM32\CRYPTBASE.dll
0x00007ffc17750000 - 0x00007ffc17788000 	C:\WINDOWS\SYSTEM32\IPHLPAPI.DLL
0x00007ffc19c30000 - 0x00007ffc19c38000 	C:\WINDOWS\System32\NSI.dll
0x00007ffc0ce60000 - 0x00007ffc0ce76000 	C:\WINDOWS\SYSTEM32\dhcpcsvc6.DLL
0x00007ffc0da80000 - 0x00007ffc0da9a000 	C:\WINDOWS\SYSTEM32\dhcpcsvc.DLL

VM Arguments:
jvm_args: -Djava.awt.headless=true -Djava.rmi.server.hostname=localhost -Xmx1536m -Dkotlin.environment.keepalive 
java_command: org.jetbrains.kotlin.daemon.KotlinCompileDaemon --daemon-runFilesPath C:\Users\user\AppData\Local\kotlin\daemon --daemon-autoshutdownIdleSeconds=7200 --daemon-compilerClasspath C:\Users\user\.gradle\caches\modules-2\files-2.1\org.jetbrains.kotlin\kotlin-compiler-embeddable\1.2.51\205147cc6c2dcbe7d9d71125fe315b14b8a14be4\kotlin-compiler-embeddable-1.2.51.jar;C:\Users\user\.gradle\caches\modules-2\files-2.1\org.jetbrains.kotlin\kotlin-stdlib\1.2.51\fa8127e505bff50fec291d0dd619d1bda5c619e0\kotlin-stdlib-1.2.51.jar;C:\Users\user\.gradle\caches\modules-2\files-2.1\org.jetbrains.kotlin\kotlin-script-runtime\1.2.51\6f8ef6758f396b354e422c3e82d9cd14795fe0e2\kotlin-script-runtime-1.2.51.jar;C:\Users\user\.gradle\caches\modules-2\files-2.1\org.jetbrains.kotlin\kotlin-reflect\1.2.51\36b719a7b84452dd13eeec979d8c82bfb765c57d\kotlin-reflect-1.2.51.jar;C:\Users\user\.gradle\caches\modules-2\files-2.1\org.jetbrains.kotlin\kotlin-scripting-common\1.2.51\7861b42b7e5625df4a230d868476d4cda331be77\kotlin-scripting-common-1.2.51.jar;C:\Users\user\.gradle\caches\modules-2\files-2.1\org.jetbrains.kotlin\kotlin-scripting-jvm\1.2.51\f80afc81cf004fb572f8a09353960490ab6630c6\kotlin-scripting-jvm-1.2.51.jar;C:\Users\user\.gradle\caches\modules-2\files-2.1\org.jetbrains.kotlinx\kotlinx-coroutines-core\0.20\5f3fa9b5b2dc9cfc0d9358d5b2cab154d590a564\kotlinx-coroutines-core-0.20.jar;C:\Program Files\Android\Android Studio\jre\lib\tools.jar
java_class_path (initial): C:\Users\user\.gradle\caches\modules-2\files-2.1\org.jetbrains.kotlin\kotlin-compiler-embeddable\1.2.51\205147cc6c2dcbe7d9d71125fe315b14b8a14be4\kotlin-compiler-embeddable-1.2.51.jar;C:\Users\user\.gradle\caches\modules-2\files-2.1\org.jetbrains.kotlin\kotlin-stdlib\1.2.51\fa8127e505bff50fec291d0dd619d1bda5c619e0\kotlin-stdlib-1.2.51.jar;C:\Users\user\.gradle\caches\modules-2\files-2.1\org.jetbrains.kotlin\kotlin-script-runtime\1.2.51\6f8ef6758f396b354e422c3e82d9cd14795fe0e2\kotlin-script-runtime-1.2.51.jar;C:\Users\user\.gradle\caches\modules-2\files-2.1\org.jetbrains.kotlin\kotlin-reflect\1.2.51\36b719a7b84452dd13eeec979d8c82bfb765c57d\kotlin-reflect-1.2.51.jar;C:\Users\user\.gradle\caches\modules-2\files-2.1\org.jetbrains.kotlin\kotlin-scripting-common\1.2.51\7861b42b7e5625df4a230d868476d4cda331be77\kotlin-scripting-common-1.2.51.jar;C:\Users\user\.gradle\caches\modules-2\files-2.1\org.jetbrains.kotlin\kotlin-scripting-jvm\1.2.51\f80afc81cf004fb572f8a09353960490ab6630c6\kotlin-scripting-jvm-1.2.51.jar;C:\Users\user\.gradle\caches\modules-2\files-2.1\org.jetbrains.kotlinx\kotlinx-coroutines-core\0.20\5f3fa9b5b2dc9cfc0d9358d5b2cab154d590a564\kotlinx-coroutines-core-0.20.jar;C:\Program Files\Android\Android Studio\jre\lib\tools.jar
Launcher Type: SUN_STANDARD

Environment Variables:
PATH=C:\ProgramData\Oracle\Java\javapath;C:\Program Files (x86)\Intel\iCLS Client\;C:\Program Files\Intel\iCLS Client\;C:\windows\system32;C:\windows;C:\windows\System32\Wbem;C:\windows\System32\WindowsPowerShell\v1.0\;C:\Program Files (x86)\NVIDIA Corporation\PhysX\Common;C:\Program Files (x86)\Intel\Intel(R) Management Engine Components\DAL;C:\Program Files\Intel\Intel(R) Management Engine Components\DAL;C:\Program Files (x86)\Intel\Intel(R) Management Engine Components\IPT;C:\Program Files\Intel\Intel(R) Management Engine Components\IPT;C:\WINDOWS\system32;C:\WINDOWS;C:\WINDOWS\System32\Wbem;C:\WINDOWS\System32\WindowsPowerShell\v1.0\;C:\Program Files\PuTTY\;C:\Program Files\Git\cmd;C:\WINDOWS\System32\OpenSSH\;C:\Program Files\Intel\WiFi\bin\;C:\Program Files\Common Files\Intel\WirelessCommon\;C:\workspace\protoc\bin;C:\Ruby24-x64\bin;C:\Users\user\AppData\Local\Programs\Python\Python36-32\Scripts\;C:\Users\user\AppData\Local\Programs\Python\Python36-32\;C:\Users\user\AppData\Local\Microsoft\WindowsApps;C:\Users\user\AppData\Local\GitHubDesktop\bin;C:\Program Files\Bandizip\
USERNAME=user
OS=Windows_NT
PROCESSOR_IDENTIFIER=Intel64 Family 6 Model 142 Stepping 9, GenuineIntel



---------------  S Y S T E M  ---------------

OS: Windows 10.0 , 64 bit Build 17134 (10.0.17134.1)

CPU:total 4 (initial active 4) (2 cores per cpu, 2 threads per core) family 6 model 142 stepping 9, cmov, cx8, fxsr, mmx, sse, sse2, sse3, ssse3, sse4.1, sse4.2, popcnt, avx, avx2, aes, clmul, erms, 3dnowpref, lzcnt, ht, tsc, tscinvbit, bmi1, bmi2, adx

Memory: 4k page, physical 8296816k(438552k free), swap 33462640k(7516k free)

vm_info: OpenJDK 64-Bit Server VM (25.152-b02) for windows-amd64 JRE (1.8.0_152-release-1024-b02), built by "builder" with MS VC++ 10.0 (VS2010)

time: Sun Aug 12 18:31:15 2018
elapsed time: 17 seconds (0d 0h 0m 17s)

