#
# There is insufficient memory for the Java Runtime Environment to continue.
# Native memory allocation (malloc) failed to allocate 1076336 bytes for Chunk::new
# Possible reasons:
#   The system is out of physical RAM or swap space
#   In 32 bit mode, the process size limit was hit
# Possible solutions:
#   Reduce memory load on the system
#   Increase physical memory or swap space
#   Check if swap backing store is full
#   Use 64 bit Java on a 64 bit OS
#   Decrease Java heap size (-Xmx/-Xms)
#   Decrease number of Java threads
#   Decrease Java thread stack sizes (-Xss)
#   Set larger code cache with -XX:ReservedCodeCacheSize=
# This output file may be truncated or incomplete.
#
#  Out of Memory Error (allocation.cpp:390), pid=3628, tid=0x000000000000567c
#
# JRE version: OpenJDK Runtime Environment (8.0_152-b02) (build 1.8.0_152-release-1024-b02)
# Java VM: OpenJDK 64-Bit Server VM (25.152-b02 mixed mode windows-amd64 compressed oops)
# Failed to write core dump. Minidumps are not enabled by default on client versions of Windows
#

---------------  T H R E A D  ---------------

Current thread (0x0000000018b5a000):  JavaThread "C2 CompilerThread1" daemon [_thread_in_native, id=22140, stack(0x0000000019250000,0x0000000019350000)]

Stack: [0x0000000019250000,0x0000000019350000]
[error occurred during error reporting (printing stack bounds), id 0xc0000005]

Native frames: (J=compiled Java code, j=interpreted, Vv=VM code, C=native code)


Current CompileTask:
C2:  13136 11655       4       org.jetbrains.kotlin.cli.jvm.index.JvmDependenciesIndexImpl::search (384 bytes)


---------------  P R O C E S S  ---------------

Java Threads: ( => current thread )
  0x0000000018bdf800 JavaThread "Service Thread" daemon [_thread_blocked, id=7976, stack(0x0000000019450000,0x0000000019550000)]
  0x0000000018b71800 JavaThread "C1 CompilerThread2" daemon [_thread_blocked, id=24752, stack(0x0000000019350000,0x0000000019450000)]
=>0x0000000018b5a000 JavaThread "C2 CompilerThread1" daemon [_thread_in_native, id=22140, stack(0x0000000019250000,0x0000000019350000)]
  0x00000000177ff800 JavaThread "C2 CompilerThread0" daemon [_thread_in_native, id=9060, stack(0x0000000019150000,0x0000000019250000)]
  0x000000001784e800 JavaThread "Attach Listener" daemon [_thread_blocked, id=22344, stack(0x0000000019050000,0x0000000019150000)]
  0x0000000018b58800 JavaThread "Signal Dispatcher" daemon [_thread_blocked, id=22604, stack(0x0000000018f50000,0x0000000019050000)]
  0x0000000002c8e000 JavaThread "Finalizer" daemon [_thread_blocked, id=20744, stack(0x0000000018a50000,0x0000000018b50000)]
  0x0000000002c84800 JavaThread "Reference Handler" daemon [_thread_blocked, id=17612, stack(0x0000000018950000,0x0000000018a50000)]
  0x0000000002b95000 JavaThread "main" [_thread_in_native, id=17124, stack(0x0000000002a90000,0x0000000002b90000)]

Other Threads:
  0x00000000177b6000 VMThread [stack: 0x0000000018850000,0x0000000018950000] [id=17380]
  0x0000000018c08800 WatcherThread [stack: 0x0000000019550000,0x0000000019650000] [id=6004]

VM state:not at safepoint (normal execution)

VM Mutex/Monitor currently owned by a thread: None

Heap:
 PSYoungGen      total 119808K, used 81445K [0x00000000d5d00000, 0x00000000dec80000, 0x0000000100000000)
  eden space 100352K, 61% used [0x00000000d5d00000,0x00000000d998fc68,0x00000000dbf00000)
  from space 19456K, 99% used [0x00000000dbf00000,0x00000000dd1f97c0,0x00000000dd200000)
  to   space 17920K, 0% used [0x00000000dd200000,0x00000000dd200000,0x00000000de380000)
 ParOldGen       total 123904K, used 58194K [0x0000000081600000, 0x0000000088f00000, 0x00000000d5d00000)
  object space 123904K, 46% used [0x0000000081600000,0x0000000084ed4bd8,0x0000000088f00000)
 Metaspace       used 53837K, capacity 54900K, committed 55000K, reserved 1097728K
  class space    used 6146K, capacity 6387K, committed 6400K, reserved 1048576K

Card table byte_map: [0x0000000012050000,0x0000000012450000] byte_map_base: 0x0000000011c45000

Marking Bits: (ParMarkBitMap*) 0x0000000077384970
 Begin Bits: [0x0000000012b00000, 0x0000000014aa8000)
 End Bits:   [0x0000000014aa8000, 0x0000000016a50000)

Polling page: 0x00000000008e0000

CodeCache: size=245760Kb used=34336Kb max_used=34336Kb free=211423Kb
 bounds [0x0000000002c90000, 0x0000000004e40000, 0x0000000011c90000]
 total_blobs=10656 nmethods=10169 adapters=397
 compilation: enabled

Compilation events (10 events):
Event: 13.088 Thread 0x0000000018b71800 11834       3       org.jetbrains.kotlin.types.AbstractClassTypeConstructor::getBuiltIns (8 bytes)
Event: 13.088 Thread 0x0000000018b71800 nmethod 11834 0x0000000004e3ba90 code [0x0000000004e3bc60, 0x0000000004e3c1f8]
Event: 13.088 Thread 0x0000000018b71800 11835       3       org.jetbrains.kotlin.renderer.DescriptorRendererImpl::getDebugMode (8 bytes)
Event: 13.089 Thread 0x0000000018b71800 nmethod 11835 0x0000000004e3c490 code [0x0000000004e3c620, 0x0000000004e3cae8]
Event: 13.089 Thread 0x0000000018b71800 11836       3       org.jetbrains.kotlin.renderer.DescriptorRendererOptionsImpl::getDebugMode (23 bytes)
Event: 13.089 Thread 0x0000000018b71800 nmethod 11836 0x0000000004e3ccd0 code [0x0000000004e3ce40, 0x0000000004e3d228]
Event: 13.089 Thread 0x0000000018b71800 11837       3       kotlin.text.DelimitedRangesSequence::<init> (39 bytes)
Event: 13.089 Thread 0x0000000018b71800 nmethod 11837 0x0000000004e3d390 code [0x0000000004e3d520, 0x0000000004e3d8d8]
Event: 13.090 Thread 0x0000000018b71800 11838       1       org.jetbrains.kotlin.metadata.ProtoBuf$ValueParameter$Builder::getFlags (5 bytes)
Event: 13.090 Thread 0x0000000018b71800 nmethod 11838 0x0000000004e3da90 code [0x0000000004e3dbe0, 0x0000000004e3dcf0]

GC Heap History (10 events):
Event: 5.248 GC heap before
{Heap before GC invocations=9 (full 2):
 PSYoungGen      total 91648K, used 74752K [0x00000000d5d00000, 0x00000000de000000, 0x0000000100000000)
  eden space 74752K, 100% used [0x00000000d5d00000,0x00000000da600000,0x00000000da600000)
  from space 16896K, 0% used [0x00000000db680000,0x00000000db680000,0x00000000dc700000)
  to   space 16896K, 0% used [0x00000000da600000,0x00000000da600000,0x00000000db680000)
 ParOldGen       total 123904K, used 28972K [0x0000000081600000, 0x0000000088f00000, 0x00000000d5d00000)
  object space 123904K, 23% used [0x0000000081600000,0x000000008324b220,0x0000000088f00000)
 Metaspace       used 39915K, capacity 40608K, committed 40920K, reserved 1085440K
  class space    used 4895K, capacity 5067K, committed 5120K, reserved 1048576K
Event: 5.262 GC heap after
Heap after GC invocations=9 (full 2):
 PSYoungGen      total 91648K, used 14345K [0x00000000d5d00000, 0x00000000de380000, 0x0000000100000000)
  eden space 74752K, 0% used [0x00000000d5d00000,0x00000000d5d00000,0x00000000da600000)
  from space 16896K, 84% used [0x00000000da600000,0x00000000db4024d8,0x00000000db680000)
  to   space 17920K, 0% used [0x00000000dd200000,0x00000000dd200000,0x00000000de380000)
 ParOldGen       total 123904K, used 28980K [0x0000000081600000, 0x0000000088f00000, 0x00000000d5d00000)
  object space 123904K, 23% used [0x0000000081600000,0x000000008324d220,0x0000000088f00000)
 Metaspace       used 39915K, capacity 40608K, committed 40920K, reserved 1085440K
  class space    used 4895K, capacity 5067K, committed 5120K, reserved 1048576K
}
Event: 5.754 GC heap before
{Heap before GC invocations=10 (full 2):
 PSYoungGen      total 91648K, used 89097K [0x00000000d5d00000, 0x00000000de380000, 0x0000000100000000)
  eden space 74752K, 100% used [0x00000000d5d00000,0x00000000da600000,0x00000000da600000)
  from space 16896K, 84% used [0x00000000da600000,0x00000000db4024d8,0x00000000db680000)
  to   space 17920K, 0% used [0x00000000dd200000,0x00000000dd200000,0x00000000de380000)
 ParOldGen       total 123904K, used 28980K [0x0000000081600000, 0x0000000088f00000, 0x00000000d5d00000)
  object space 123904K, 23% used [0x0000000081600000,0x000000008324d220,0x0000000088f00000)
 Metaspace       used 40240K, capacity 40944K, committed 41176K, reserved 1085440K
  class space    used 4905K, capacity 5069K, committed 5120K, reserved 1048576K
Event: 5.776 GC heap after
Heap after GC invocations=10 (full 2):
 PSYoungGen      total 118272K, used 16351K [0x00000000d5d00000, 0x00000000dec80000, 0x0000000100000000)
  eden space 100352K, 0% used [0x00000000d5d00000,0x00000000d5d00000,0x00000000dbf00000)
  from space 17920K, 91% used [0x00000000dd200000,0x00000000de1f7f78,0x00000000de380000)
  to   space 19456K, 0% used [0x00000000dbf00000,0x00000000dbf00000,0x00000000dd200000)
 ParOldGen       total 123904K, used 28988K [0x0000000081600000, 0x0000000088f00000, 0x00000000d5d00000)
  object space 123904K, 23% used [0x0000000081600000,0x000000008324f220,0x0000000088f00000)
 Metaspace       used 40240K, capacity 40944K, committed 41176K, reserved 1085440K
  class space    used 4905K, capacity 5069K, committed 5120K, reserved 1048576K
}
Event: 7.316 GC heap before
{Heap before GC invocations=11 (full 2):
 PSYoungGen      total 118272K, used 116703K [0x00000000d5d00000, 0x00000000dec80000, 0x0000000100000000)
  eden space 100352K, 100% used [0x00000000d5d00000,0x00000000dbf00000,0x00000000dbf00000)
  from space 17920K, 91% used [0x00000000dd200000,0x00000000de1f7f78,0x00000000de380000)
  to   space 19456K, 0% used [0x00000000dbf00000,0x00000000dbf00000,0x00000000dd200000)
 ParOldGen       total 123904K, used 28988K [0x0000000081600000, 0x0000000088f00000, 0x00000000d5d00000)
  object space 123904K, 23% used [0x0000000081600000,0x000000008324f220,0x0000000088f00000)
 Metaspace       used 44227K, capacity 45002K, committed 45272K, reserved 1089536K
  class space    used 5340K, capacity 5520K, committed 5632K, reserved 1048576K
Event: 7.348 GC heap after
Heap after GC invocations=11 (full 2):
 PSYoungGen      total 119808K, used 19425K [0x00000000d5d00000, 0x00000000dec80000, 0x0000000100000000)
  eden space 100352K, 0% used [0x00000000d5d00000,0x00000000d5d00000,0x00000000dbf00000)
  from space 19456K, 99% used [0x00000000dbf00000,0x00000000dd1f8578,0x00000000dd200000)
  to   space 17920K, 0% used [0x00000000dd200000,0x00000000dd200000,0x00000000de380000)
 ParOldGen       total 123904K, used 40064K [0x0000000081600000, 0x0000000088f00000, 0x00000000d5d00000)
  object space 123904K, 32% used [0x0000000081600000,0x0000000083d20128,0x0000000088f00000)
 Metaspace       used 44227K, capacity 45002K, committed 45272K, reserved 1089536K
  class space    used 5340K, capacity 5520K, committed 5632K, reserved 1048576K
}
Event: 9.599 GC heap before
{Heap before GC invocations=12 (full 2):
 PSYoungGen      total 119808K, used 119777K [0x00000000d5d00000, 0x00000000dec80000, 0x0000000100000000)
  eden space 100352K, 100% used [0x00000000d5d00000,0x00000000dbf00000,0x00000000dbf00000)
  from space 19456K, 99% used [0x00000000dbf00000,0x00000000dd1f8578,0x00000000dd200000)
  to   space 17920K, 0% used [0x00000000dd200000,0x00000000dd200000,0x00000000de380000)
 ParOldGen       total 123904K, used 40064K [0x0000000081600000, 0x0000000088f00000, 0x00000000d5d00000)
  object space 123904K, 32% used [0x0000000081600000,0x0000000083d20128,0x0000000088f00000)
 Metaspace       used 45789K, capacity 46658K, committed 46808K, reserved 1091584K
  class space    used 5410K, capacity 5606K, committed 5632K, reserved 1048576K
Event: 9.626 GC heap after
Heap after GC invocations=12 (full 2):
 PSYoungGen      total 118272K, used 17909K [0x00000000d5d00000, 0x00000000dec80000, 0x0000000100000000)
  eden space 100352K, 0% used [0x00000000d5d00000,0x00000000d5d00000,0x00000000dbf00000)
  from space 17920K, 99% used [0x00000000dd200000,0x00000000de37d7d0,0x00000000de380000)
  to   space 19456K, 0% used [0x00000000dbf00000,0x00000000dbf00000,0x00000000dd200000)
 ParOldGen       total 123904K, used 48876K [0x0000000081600000, 0x0000000088f00000, 0x00000000d5d00000)
  object space 123904K, 39% used [0x0000000081600000,0x00000000845bb140,0x0000000088f00000)
 Metaspace       used 45789K, capacity 46658K, committed 46808K, reserved 1091584K
  class space    used 5410K, capacity 5606K, committed 5632K, reserved 1048576K
}
Event: 11.559 GC heap before
{Heap before GC invocations=13 (full 2):
 PSYoungGen      total 118272K, used 118261K [0x00000000d5d00000, 0x00000000dec80000, 0x0000000100000000)
  eden space 100352K, 100% used [0x00000000d5d00000,0x00000000dbf00000,0x00000000dbf00000)
  from space 17920K, 99% used [0x00000000dd200000,0x00000000de37d7d0,0x00000000de380000)
  to   space 19456K, 0% used [0x00000000dbf00000,0x00000000dbf00000,0x00000000dd200000)
 ParOldGen       total 123904K, used 48876K [0x0000000081600000, 0x0000000088f00000, 0x00000000d5d00000)
  object space 123904K, 39% used [0x0000000081600000,0x00000000845bb140,0x0000000088f00000)
 Metaspace       used 52625K, capacity 53672K, committed 53976K, reserved 1097728K
  class space    used 6110K, capacity 6347K, committed 6400K, reserved 1048576K
Event: 11.582 GC heap after
Heap after GC invocations=13 (full 2):
 PSYoungGen      total 119808K, used 19429K [0x00000000d5d00000, 0x00000000dec80000, 0x0000000100000000)
  eden space 100352K, 0% used [0x00000000d5d00000,0x00000000d5d00000,0x00000000dbf00000)
  from space 19456K, 99% used [0x00000000dbf00000,0x00000000dd1f97c0,0x00000000dd200000)
  to   space 17920K, 0% used [0x00000000dd200000,0x00000000dd200000,0x00000000de380000)
 ParOldGen       total 123904K, used 58194K [0x0000000081600000, 0x0000000088f00000, 0x00000000d5d00000)
  object space 123904K, 46% used [0x0000000081600000,0x0000000084ed4bd8,0x0000000088f00000)
 Metaspace       used 52625K, capacity 53672K, committed 53976K, reserved 1097728K
  class space    used 6110K, capacity 6347K, committed 6400K, reserved 1048576K
}

Deoptimization events (10 events):
Event: 12.791 Thread 0x0000000002b95000 Uncommon trap: reason=unstable_if action=reinterpret pc=0x00000000031844b8 method=org.jetbrains.kotlin.gnu.trove.TObjectHash.index(Ljava/lang/Object;)I @ 54
Event: 12.792 Thread 0x0000000002b95000 Uncommon trap: reason=unstable_if action=reinterpret pc=0x0000000004ceee1c method=org.jetbrains.org.objectweb.asm.tree.analysis.Frame.execute(Lorg/jetbrains/org/objectweb/asm/tree/AbstractInsnNode;Lorg/jetbrains/org/objectweb/asm/tree/analysis/Interpreter
Event: 12.874 Thread 0x0000000002b95000 Uncommon trap: reason=array_check action=maybe_recompile pc=0x0000000004d2616c method=java.util.AbstractCollection.toArray([Ljava/lang/Object;)[Ljava/lang/Object; @ 119
Event: 12.874 Thread 0x0000000002b95000 Uncommon trap: reason=array_check action=maybe_recompile pc=0x0000000004d2616c method=java.util.AbstractCollection.toArray([Ljava/lang/Object;)[Ljava/lang/Object; @ 119
Event: 12.883 Thread 0x0000000002b95000 Uncommon trap: reason=array_check action=maybe_recompile pc=0x0000000004d2616c method=java.util.AbstractCollection.toArray([Ljava/lang/Object;)[Ljava/lang/Object; @ 119
Event: 12.900 Thread 0x0000000002b95000 Uncommon trap: reason=unstable_if action=reinterpret pc=0x0000000004d385cc method=org.jetbrains.kotlin.codegen.FunctionCodegen$1.invoke(Lorg/jetbrains/kotlin/descriptors/CallableMemberDescriptor;)Ljava/lang/Boolean; @ 9
Event: 12.900 Thread 0x0000000002b95000 Uncommon trap: reason=unstable_if action=reinterpret pc=0x0000000004d38724 method=org.jetbrains.kotlin.backend.common.bridges.ImplKt.findInterfaceImplementation(Lorg/jetbrains/kotlin/descriptors/CallableMemberDescriptor;)Lorg/jetbrains/kotlin/descriptors/
Event: 12.900 Thread 0x0000000002b95000 Uncommon trap: reason=unstable_if action=reinterpret pc=0x0000000004d38724 method=org.jetbrains.kotlin.backend.common.bridges.ImplKt.findInterfaceImplementation(Lorg/jetbrains/kotlin/descriptors/CallableMemberDescriptor;)Lorg/jetbrains/kotlin/descriptors/
Event: 12.900 Thread 0x0000000002b95000 Uncommon trap: reason=unstable_if action=reinterpret pc=0x0000000004d38724 method=org.jetbrains.kotlin.backend.common.bridges.ImplKt.findInterfaceImplementation(Lorg/jetbrains/kotlin/descriptors/CallableMemberDescriptor;)Lorg/jetbrains/kotlin/descriptors/
Event: 13.091 Thread 0x0000000002b95000 Uncommon trap: reason=unstable_if action=reinterpret pc=0x00000000046745a4 method=org.jetbrains.kotlin.resolve.MemberComparator$NameAndTypeMemberComparator.getDeclarationPriority(Lorg/jetbrains/kotlin/descriptors/DeclarationDescriptor;)I @ 48

Classes redefined (0 events):
No events

Internal exceptions (10 events):
Event: 9.222 Thread 0x0000000002b95000 Implicit null exception at 0x00000000044a6d2f to 0x00000000044a6e35
Event: 10.330 Thread 0x0000000002b95000 Implicit null exception at 0x0000000003060281 to 0x000000000306073a
Event: 10.404 Thread 0x0000000002b95000 Implicit null exception at 0x0000000002ed5255 to 0x0000000002ed5441
Event: 10.408 Thread 0x0000000002b95000 Implicit null exception at 0x00000000031643cc to 0x0000000003164436
Event: 10.895 Thread 0x0000000002b95000 Implicit null exception at 0x0000000004780012 to 0x00000000047802c5
Event: 10.895 Thread 0x0000000002b95000 Implicit null exception at 0x000000000455de54 to 0x000000000455e0cd
Event: 11.170 Thread 0x0000000002b95000 Exception <a 'java/lang/NoSuchMethodError': java.lang.Object.lambda$static$0(Ljava/lang/Throwable;Ljava/lang/String;)V> (0x00000000dabc6578) thrown at [D:\src\AOSP-openjdk-cygwin\jdk8u\hotspot\src\share\vm\interpreter\linkResolver.cpp, line 584]
Event: 11.363 Thread 0x0000000002b95000 Exception <a 'java/lang/NoSuchMethodError': java.lang.Object.lambda$static$0(Lorg/jetbrains/kotlin/descriptors/ValueParameterDescriptor;Lorg/jetbrains/kotlin/codegen/ExpressionCodegen;)Lorg/jetbrains/kotlin/codegen/StackValue;> (0x00000000db5ca7a0) thrown
Event: 11.523 Thread 0x0000000002b95000 Exception <a 'java/lang/NoSuchMethodError': java.lang.Object.lambda$static$0(Ljava/lang/String;)Z> (0x00000000dbcd2bf0) thrown at [D:\src\AOSP-openjdk-cygwin\jdk8u\hotspot\src\share\vm\interpreter\linkResolver.cpp, line 584]
Event: 11.523 Thread 0x0000000002b95000 Exception <a 'java/lang/NoSuchMethodError': java.lang.Object.lambda$static$1(Ljava/lang/String;)Z> (0x00000000dbcd5628) thrown at [D:\src\AOSP-openjdk-cygwin\jdk8u\hotspot\src\share\vm\interpreter\linkResolver.cpp, line 584]

Events (10 events):
Event: 12.991 loading class org/jetbrains/org/objectweb/asm/commons/InstructionAdapter done
Event: 12.991 loading class org/jetbrains/kotlin/codegen/StackValue
Event: 12.991 loading class org/jetbrains/kotlin/codegen/StackValue done
Event: 13.058 loading class org/jetbrains/kotlin/codegen/ExpressionCodegen
Event: 13.058 loading class org/jetbrains/kotlin/codegen/ExpressionCodegen done
Event: 13.072 Executing VM operation: ForceSafepoint
Event: 13.072 Executing VM operation: ForceSafepoint done
Event: 13.090 Thread 0x0000000002b95000 Uncommon trap: trap_request=0xffffff65 fr.pc=0x00000000046745a4
Event: 13.091 Thread 0x0000000002b95000 DEOPT PACKING pc=0x00000000046745a4 sp=0x0000000002b8e560
Event: 13.091 Thread 0x0000000002b95000 DEOPT UNPACKING pc=0x0000000002cd557b sp=0x0000000002b8e4a0 mode 2


Dynamic libraries:
0x00007ff6db6f0000 - 0x00007ff6db721000 	C:\Program Files\Android\Android Studio\jre\jre\bin\java.exe
0x00007ffc1be40000 - 0x00007ffc1c021000 	C:\WINDOWS\SYSTEM32\ntdll.dll
0x00007ffc194b0000 - 0x00007ffc19562000 	C:\WINDOWS\System32\KERNEL32.DLL
0x00007ffc18450000 - 0x00007ffc186c3000 	C:\WINDOWS\System32\KERNELBASE.dll
0x00007ffc19400000 - 0x00007ffc194a1000 	C:\WINDOWS\System32\ADVAPI32.dll
0x00007ffc19570000 - 0x00007ffc1960e000 	C:\WINDOWS\System32\msvcrt.dll
0x00007ffc19620000 - 0x00007ffc1967b000 	C:\WINDOWS\System32\sechost.dll
0x00007ffc1a340000 - 0x00007ffc1a464000 	C:\WINDOWS\System32\RPCRT4.dll
0x00007ffc1b940000 - 0x00007ffc1bad0000 	C:\WINDOWS\System32\USER32.dll
0x00007ffc186d0000 - 0x00007ffc186f0000 	C:\WINDOWS\System32\win32u.dll
0x00007ffc1b910000 - 0x00007ffc1b938000 	C:\WINDOWS\System32\GDI32.dll
0x00007ffc182b0000 - 0x00007ffc18442000 	C:\WINDOWS\System32\gdi32full.dll
0x00007ffc18210000 - 0x00007ffc182af000 	C:\WINDOWS\System32\msvcp_win.dll
0x00007ffc18a10000 - 0x00007ffc18b0a000 	C:\WINDOWS\System32\ucrtbase.dll
0x00007ffc07300000 - 0x00007ffc07569000 	C:\WINDOWS\WinSxS\amd64_microsoft.windows.common-controls_6595b64144ccf1df_6.0.17134.165_none_fb429645306569ac\COMCTL32.dll
0x00007ffc1bae0000 - 0x00007ffc1be03000 	C:\WINDOWS\System32\combase.dll
0x00007ffc186f0000 - 0x00007ffc1876a000 	C:\WINDOWS\System32\bcryptPrimitives.dll
0x00007ffc19e50000 - 0x00007ffc19e7d000 	C:\WINDOWS\System32\IMM32.DLL
0x0000000077a30000 - 0x0000000077b02000 	C:\Program Files\Android\Android Studio\jre\jre\bin\msvcr100.dll
0x0000000076bc0000 - 0x00000000773ff000 	C:\Program Files\Android\Android Studio\jre\jre\bin\server\jvm.dll
0x00007ffc1bad0000 - 0x00007ffc1bad8000 	C:\WINDOWS\System32\PSAPI.DLL
0x00007ffc152a0000 - 0x00007ffc152c3000 	C:\WINDOWS\SYSTEM32\WINMM.dll
0x00007ffc15a70000 - 0x00007ffc15a7a000 	C:\WINDOWS\SYSTEM32\VERSION.dll
0x00007ffc01850000 - 0x00007ffc01859000 	C:\WINDOWS\SYSTEM32\WSOCK32.dll
0x00007ffc19c40000 - 0x00007ffc19cac000 	C:\WINDOWS\System32\WS2_32.dll
0x00007ffc15160000 - 0x00007ffc1518a000 	C:\WINDOWS\SYSTEM32\winmmbase.dll
0x00007ffc189c0000 - 0x00007ffc18a09000 	C:\WINDOWS\System32\cfgmgr32.dll
0x00007ffc15b50000 - 0x00007ffc15b5f000 	C:\Program Files\Android\Android Studio\jre\jre\bin\verify.dll
0x00007ffc09f30000 - 0x00007ffc09f59000 	C:\Program Files\Android\Android Studio\jre\jre\bin\java.dll
0x00007ffc122c0000 - 0x00007ffc122d6000 	C:\Program Files\Android\Android Studio\jre\jre\bin\zip.dll
0x00007ffc1a470000 - 0x00007ffc1b8b0000 	C:\WINDOWS\System32\SHELL32.dll
0x00007ffc192f0000 - 0x00007ffc19399000 	C:\WINDOWS\System32\shcore.dll
0x00007ffc18b10000 - 0x00007ffc1921d000 	C:\WINDOWS\System32\windows.storage.dll
0x00007ffc19f70000 - 0x00007ffc19fc1000 	C:\WINDOWS\System32\shlwapi.dll
0x00007ffc181d0000 - 0x00007ffc181e1000 	C:\WINDOWS\System32\kernel.appcore.dll
0x00007ffc181f0000 - 0x00007ffc1820f000 	C:\WINDOWS\System32\profapi.dll
0x00007ffc18150000 - 0x00007ffc1819c000 	C:\WINDOWS\System32\powrprof.dll
0x00007ffc181c0000 - 0x00007ffc181ca000 	C:\WINDOWS\System32\FLTLIB.DLL
0x00007ffc09f10000 - 0x00007ffc09f2a000 	C:\Program Files\Android\Android Studio\jre\jre\bin\net.dll
0x00007ffc179d0000 - 0x00007ffc17a36000 	C:\WINDOWS\system32\mswsock.dll
0x00007ffc0f920000 - 0x00007ffc0f931000 	C:\Program Files\Android\Android Studio\jre\jre\bin\nio.dll

VM Arguments:
java_command: org.jetbrains.kotlin.cli.jvm.K2JVMCompiler -Xadd-compiler-builtins -Xbuild-file=C:\Users\user\AppData\Local\Temp\kjps7985725411607562839app_debug.script.xml -classpath C:\Users\user\.gradle\caches\modules-2\files-2.1\org.jetbrains.kotlin\kotlin-stdlib-jdk8\1.2.51\68faa6fb7e32a7665a6849f242bc621c3ed48101\kotlin-stdlib-jdk8-1.2.51.jar;C:\Users\user\.gradle\caches\transforms-1\files-1.1\floating-text-button-0.0.4.aar\3cbecdd0ba91910645e58723395bded6\jars\classes.jar;C:\Users\user\.gradle\caches\transforms-1\files-1.1\CodeView-android-1.3.1.aar\aeca46bdef845201c4853d4ccb68d595\jars\classes.jar;C:\Users\user\.gradle\caches\transforms-1\files-1.1\design-27.1.1.aar\a173ca5b4dd86cdac8d45100bc1bb286\jars\classes.jar;C:\Users\user\.gradle\caches\transforms-1\files-1.1\appcompat-v7-27.1.1.aar\8f8306786a180045a4718f6e63daef1c\jars\classes.jar;C:\Users\user\.gradle\caches\transforms-1\files-1.1\support-v4-27.1.1.aar\1b8f6b7947ec5a229505dae74f845820\jars\classes.jar;C:\Users\user\.gradle\caches\transforms-1\files-1.1\constraint-layout-1.1.2.aar\304cd7cda6bbe944ba5c95c47380841b\jars\classes.jar;C:\Users\user\.gradle\caches\transforms-1\files-1.1\customtabs-27.1.1.aar\57b7522d06c397690bbeefba9dc6ac3a\jars\classes.jar;C:\Users\user\.gradle\caches\modules-2\files-2.1\org.jetbrains.anko\anko-commons\0.10.5\55538bc9d9af1f43477463e002443be54ff5ebf1\anko-commons-0.10.5.jar;C:\Users\user\.gradle\caches\transforms-1\files-1.1\circleimageview-2.2.0.aar\dc6214bb5d021f526a3dc7326154328f\jars\classes.jar;C:\Users\user\.gradle\caches\modules-2\files-2.1\com.squareup.retrofit2\converter-gson\2.4.0\15d7790ee311d961379c51b00aba12d5967cb7ea\converter-gson-2.4.0.jar;C:\Users\user\.gradle\caches\modules-2\files-2.1\com.squareup.retrofit2\retrofit\2.4.0\fc4aa382632bfaa7be7b41579efba41d5a71ecf3\retrofit-2.4.0.jar;C:\Users\user\.gradle\caches\modules-2\files-2.1\com.squareup.okhttp3\logging-interceptor\3.10.0\55f574ec622f65ac9c0e2e922d3ffa01dc4f139e\logging-interceptor-3.10.0.jar;C:\User
java_class_path (initial): C:\Users\user\.gradle\caches\modules-2\files-2.1\org.jetbrains.kotlin\kotlin-compiler-embeddable\1.2.51\205147cc6c2dcbe7d9d71125fe315b14b8a14be4\kotlin-compiler-embeddable-1.2.51.jar;C:\Users\user\.gradle\caches\modules-2\files-2.1\org.jetbrains.kotlin\kotlin-stdlib\1.2.51\fa8127e505bff50fec291d0dd619d1bda5c619e0\kotlin-stdlib-1.2.51.jar;C:\Users\user\.gradle\caches\modules-2\files-2.1\org.jetbrains.kotlin\kotlin-script-runtime\1.2.51\6f8ef6758f396b354e422c3e82d9cd14795fe0e2\kotlin-script-runtime-1.2.51.jar;C:\Users\user\.gradle\caches\modules-2\files-2.1\org.jetbrains.kotlin\kotlin-reflect\1.2.51\36b719a7b84452dd13eeec979d8c82bfb765c57d\kotlin-reflect-1.2.51.jar;C:\Users\user\.gradle\caches\modules-2\files-2.1\org.jetbrains.kotlin\kotlin-scripting-common\1.2.51\7861b42b7e5625df4a230d868476d4cda331be77\kotlin-scripting-common-1.2.51.jar;C:\Users\user\.gradle\caches\modules-2\files-2.1\org.jetbrains.kotlin\kotlin-scripting-jvm\1.2.51\f80afc81cf004fb572f8a09353960490ab6630c6\kotlin-scripting-jvm-1.2.51.jar;C:\Users\user\.gradle\caches\modules-2\files-2.1\org.jetbrains.kotlinx\kotlinx-coroutines-core\0.20\5f3fa9b5b2dc9cfc0d9358d5b2cab154d590a564\kotlinx-coroutines-core-0.20.jar;C:\Program Files\Android\Android Studio\jre\lib\tools.jar
Launcher Type: SUN_STANDARD

Environment Variables:
PATH=C:\ProgramData\Oracle\Java\javapath;C:\Program Files (x86)\Intel\iCLS Client\;C:\Program Files\Intel\iCLS Client\;C:\windows\system32;C:\windows;C:\windows\System32\Wbem;C:\windows\System32\WindowsPowerShell\v1.0\;C:\Program Files (x86)\NVIDIA Corporation\PhysX\Common;C:\Program Files (x86)\Intel\Intel(R) Management Engine Components\DAL;C:\Program Files\Intel\Intel(R) Management Engine Components\DAL;C:\Program Files (x86)\Intel\Intel(R) Management Engine Components\IPT;C:\Program Files\Intel\Intel(R) Management Engine Components\IPT;C:\WINDOWS\system32;C:\WINDOWS;C:\WINDOWS\System32\Wbem;C:\WINDOWS\System32\WindowsPowerShell\v1.0\;C:\Program Files\PuTTY\;C:\Program Files\Git\cmd;C:\WINDOWS\System32\OpenSSH\;C:\Program Files\Intel\WiFi\bin\;C:\Program Files\Common Files\Intel\WirelessCommon\;C:\workspace\protoc\bin;C:\Ruby24-x64\bin;C:\Users\user\AppData\Local\Programs\Python\Python36-32\Scripts\;C:\Users\user\AppData\Local\Programs\Python\Python36-32\;C:\Users\user\AppData\Local\Microsoft\WindowsApps;C:\Users\user\AppData\Local\GitHubDesktop\bin;C:\Program Files\Bandizip\
USERNAME=user
OS=Windows_NT
PROCESSOR_IDENTIFIER=Intel64 Family 6 Model 142 Stepping 9, GenuineIntel



---------------  S Y S T E M  ---------------

OS: Windows 10.0 , 64 bit Build 17134 (10.0.17134.1)

CPU:total 4 (initial active 4) (2 cores per cpu, 2 threads per core) family 6 model 142 stepping 9, cmov, cx8, fxsr, mmx, sse, sse2, sse3, ssse3, sse4.1, sse4.2, popcnt, avx, avx2, aes, clmul, erms, 3dnowpref, lzcnt, ht, tsc, tscinvbit, bmi1, bmi2, adx

Memory: 4k page, physical 8296816k(450304k free), swap 33462640k(5708k free)

vm_info: OpenJDK 64-Bit Server VM (25.152-b02) for windows-amd64 JRE (1.8.0_152-release-1024-b02), built by "builder" with MS VC++ 10.0 (VS2010)

time: Sun Aug 12 18:31:31 2018
elapsed time: 13 seconds (0d 0h 0m 13s)

