#
# There is insufficient memory for the Java Runtime Environment to continue.
# Native memory allocation (malloc) failed to allocate 635136 bytes for Chunk::new
# Possible reasons:
#   The system is out of physical RAM or swap space
#   In 32 bit mode, the process size limit was hit
# Possible solutions:
#   Reduce memory load on the system
#   Increase physical memory or swap space
#   Check if swap backing store is full
#   Use 64 bit Java on a 64 bit OS
#   Decrease Java heap size (-Xmx/-Xms)
#   Decrease number of Java threads
#   Decrease Java thread stack sizes (-Xss)
#   Set larger code cache with -XX:ReservedCodeCacheSize=
# This output file may be truncated or incomplete.
#
#  Out of Memory Error (allocation.cpp:390), pid=14108, tid=0x0000000000002b40
#
# JRE version: OpenJDK Runtime Environment (8.0_152-b02) (build 1.8.0_152-release-1024-b02)
# Java VM: OpenJDK 64-Bit Server VM (25.152-b02 mixed mode windows-amd64 compressed oops)
# Failed to write core dump. Minidumps are not enabled by default on client versions of Windows
#

---------------  T H R E A D  ---------------

Current thread (0x00000000176de000):  JavaThread "C2 CompilerThread0" daemon [_thread_in_native, id=11072, stack(0x00000000190a0000,0x00000000191a0000)]

Stack: [0x00000000190a0000,0x00000000191a0000]
[error occurred during error reporting (printing stack bounds), id 0xc0000005]

Native frames: (J=compiled Java code, j=interpreted, Vv=VM code, C=native code)


Current CompileTask:
C2:   5919 3469       4       org.jetbrains.kotlin.com.intellij.lang.impl.PsiBuilderImpl::createLeaf (173 bytes)


---------------  P R O C E S S  ---------------

Java Threads: ( => current thread )
  0x0000000018b29000 JavaThread "Service Thread" daemon [_thread_blocked, id=6420, stack(0x00000000193a0000,0x00000000194a0000)]
  0x0000000018abc800 JavaThread "C1 CompilerThread2" daemon [_thread_blocked, id=22516, stack(0x00000000192a0000,0x00000000193a0000)]
  0x0000000018aac000 JavaThread "C2 CompilerThread1" daemon [_thread_in_native, id=24676, stack(0x00000000191a0000,0x00000000192a0000)]
=>0x00000000176de000 JavaThread "C2 CompilerThread0" daemon [_thread_in_native, id=11072, stack(0x00000000190a0000,0x00000000191a0000)]
  0x00000000176dd000 JavaThread "Attach Listener" daemon [_thread_blocked, id=9488, stack(0x0000000018fa0000,0x00000000190a0000)]
  0x0000000017693000 JavaThread "Signal Dispatcher" daemon [_thread_blocked, id=22720, stack(0x0000000018ea0000,0x0000000018fa0000)]
  0x000000001766a800 JavaThread "Finalizer" daemon [_thread_blocked, id=21676, stack(0x0000000018910000,0x0000000018a10000)]
  0x0000000002b16000 JavaThread "Reference Handler" daemon [_thread_blocked, id=11928, stack(0x0000000018810000,0x0000000018910000)]
  0x0000000002a26000 JavaThread "main" [_thread_in_vm, id=15332, stack(0x0000000002920000,0x0000000002a20000)]

Other Threads:
  0x0000000017645000 VMThread [stack: 0x0000000018710000,0x0000000018810000] [id=16604]
  0x0000000018b5a000 WatcherThread [stack: 0x00000000194a0000,0x00000000195a0000] [id=1764]

VM state:not at safepoint (normal execution)

VM Mutex/Monitor currently owned by a thread: None

Heap:
 PSYoungGen      total 85504K, used 2768K [0x00000000d5d00000, 0x00000000de080000, 0x0000000100000000)
  eden space 68608K, 4% used [0x00000000d5d00000,0x00000000d5fb42b8,0x00000000da000000)
  from space 16896K, 0% used [0x00000000db200000,0x00000000db200000,0x00000000dc280000)
  to   space 18432K, 0% used [0x00000000da000000,0x00000000da000000,0x00000000db200000)
 ParOldGen       total 66048K, used 31745K [0x0000000081600000, 0x0000000085680000, 0x00000000d5d00000)
  object space 66048K, 48% used [0x0000000081600000,0x00000000835004f8,0x0000000085680000)
 Metaspace       used 34833K, capacity 35334K, committed 35672K, reserved 1081344K
  class space    used 4357K, capacity 4520K, committed 4608K, reserved 1048576K

Card table byte_map: [0x0000000011ee0000,0x00000000122e0000] byte_map_base: 0x0000000011ad5000

Marking Bits: (ParMarkBitMap*) 0x0000000077384970
 Begin Bits: [0x0000000012990000, 0x0000000014938000)
 End Bits:   [0x0000000014938000, 0x00000000168e0000)

Polling page: 0x0000000000a20000

CodeCache: size=245760Kb used=11737Kb max_used=11737Kb free=234022Kb
 bounds [0x0000000002b20000, 0x00000000036a0000, 0x0000000011b20000]
 total_blobs=3920 nmethods=3505 adapters=328
 compilation: enabled

Compilation events (10 events):
Event: 5.899 Thread 0x0000000018abc800 3527       3       org.jetbrains.kotlin.metadata.ProtoBuf$Annotation::getSerializedSize (93 bytes)
Event: 5.900 Thread 0x0000000018abc800 nmethod 3527 0x0000000003698ed0 code [0x0000000003699100, 0x0000000003699c18]
Event: 5.900 Thread 0x0000000018abc800 3528       3       org.jetbrains.kotlin.protobuf.CodedOutputStream::computeEnumSize (10 bytes)
Event: 5.900 Thread 0x0000000018abc800 nmethod 3528 0x000000000369a190 code [0x000000000369a320, 0x000000000369a678]
Event: 5.900 Thread 0x0000000018abc800 3529       3       org.jetbrains.kotlin.protobuf.CodedOutputStream::writeEnum (12 bytes)
Event: 5.900 Thread 0x0000000018abc800 nmethod 3529 0x000000000369a810 code [0x000000000369a9c0, 0x000000000369b088]
Event: 5.902 Thread 0x0000000018abc800 3530       3       org.jetbrains.kotlin.cli.jvm.index.JvmDependenciesIndexImpl::doTravelPath (191 bytes)
Event: 5.904 Thread 0x0000000018abc800 nmethod 3530 0x000000000369b290 code [0x000000000369b5a0, 0x000000000369d158]
Event: 5.905 Thread 0x0000000018abc800 3531       3       org.jetbrains.kotlin.load.kotlin.FileBasedKotlinClass$3$1::visit (11 bytes)
Event: 5.905 Thread 0x0000000018abc800 nmethod 3531 0x000000000369df90 code [0x000000000369e120, 0x000000000369e668]

GC Heap History (10 events):
Event: 1.790 GC heap before
{Heap before GC invocations=4 (full 1):
 PSYoungGen      total 38400K, used 5097K [0x00000000d5d00000, 0x00000000da800000, 0x0000000100000000)
  eden space 33280K, 0% used [0x00000000d5d00000,0x00000000d5d00000,0x00000000d7d80000)
  from space 5120K, 99% used [0x00000000d7d80000,0x00000000d827a610,0x00000000d8280000)
  to   space 5120K, 0% used [0x00000000da300000,0x00000000da300000,0x00000000da800000)
 ParOldGen       total 87552K, used 10890K [0x0000000081600000, 0x0000000086b80000, 0x00000000d5d00000)
  object space 87552K, 12% used [0x0000000081600000,0x00000000820a2af8,0x0000000086b80000)
 Metaspace       used 20700K, capacity 20996K, committed 21248K, reserved 1067008K
  class space    used 2633K, capacity 2732K, committed 2816K, reserved 1048576K
Event: 1.825 GC heap after
Heap after GC invocations=4 (full 1):
 PSYoungGen      total 38400K, used 0K [0x00000000d5d00000, 0x00000000da800000, 0x0000000100000000)
  eden space 33280K, 0% used [0x00000000d5d00000,0x00000000d5d00000,0x00000000d7d80000)
  from space 5120K, 0% used [0x00000000d7d80000,0x00000000d7d80000,0x00000000d8280000)
  to   space 5120K, 0% used [0x00000000da300000,0x00000000da300000,0x00000000da800000)
 ParOldGen       total 66048K, used 7664K [0x0000000081600000, 0x0000000085680000, 0x00000000d5d00000)
  object space 66048K, 11% used [0x0000000081600000,0x0000000081d7c3a8,0x0000000085680000)
 Metaspace       used 20700K, capacity 20996K, committed 21248K, reserved 1067008K
  class space    used 2633K, capacity 2732K, committed 2816K, reserved 1048576K
}
Event: 2.556 GC heap before
{Heap before GC invocations=5 (full 1):
 PSYoungGen      total 38400K, used 33280K [0x00000000d5d00000, 0x00000000da800000, 0x0000000100000000)
  eden space 33280K, 100% used [0x00000000d5d00000,0x00000000d7d80000,0x00000000d7d80000)
  from space 5120K, 0% used [0x00000000d7d80000,0x00000000d7d80000,0x00000000d8280000)
  to   space 5120K, 0% used [0x00000000da300000,0x00000000da300000,0x00000000da800000)
 ParOldGen       total 66048K, used 7664K [0x0000000081600000, 0x0000000085680000, 0x00000000d5d00000)
  object space 66048K, 11% used [0x0000000081600000,0x0000000081d7c3a8,0x0000000085680000)
 Metaspace       used 24226K, capacity 24607K, committed 24960K, reserved 1071104K
  class space    used 3063K, capacity 3196K, committed 3200K, reserved 1048576K
Event: 2.573 GC heap after
Heap after GC invocations=5 (full 1):
 PSYoungGen      total 54272K, used 5104K [0x00000000d5d00000, 0x00000000da800000, 0x0000000100000000)
  eden space 49152K, 0% used [0x00000000d5d00000,0x00000000d5d00000,0x00000000d8d00000)
  from space 5120K, 99% used [0x00000000da300000,0x00000000da7fc208,0x00000000da800000)
  to   space 5120K, 0% used [0x00000000d9e00000,0x00000000d9e00000,0x00000000da300000)
 ParOldGen       total 66048K, used 10251K [0x0000000081600000, 0x0000000085680000, 0x00000000d5d00000)
  object space 66048K, 15% used [0x0000000081600000,0x0000000082002d30,0x0000000085680000)
 Metaspace       used 24226K, capacity 24607K, committed 24960K, reserved 1071104K
  class space    used 3063K, capacity 3196K, committed 3200K, reserved 1048576K
}
Event: 5.024 GC heap before
{Heap before GC invocations=6 (full 1):
 PSYoungGen      total 54272K, used 54256K [0x00000000d5d00000, 0x00000000da800000, 0x0000000100000000)
  eden space 49152K, 100% used [0x00000000d5d00000,0x00000000d8d00000,0x00000000d8d00000)
  from space 5120K, 99% used [0x00000000da300000,0x00000000da7fc208,0x00000000da800000)
  to   space 5120K, 0% used [0x00000000d9e00000,0x00000000d9e00000,0x00000000da300000)
 ParOldGen       total 66048K, used 10251K [0x0000000081600000, 0x0000000085680000, 0x00000000d5d00000)
  object space 66048K, 15% used [0x0000000081600000,0x0000000082002d30,0x0000000085680000)
 Metaspace       used 31994K, capacity 32446K, committed 32768K, reserved 1077248K
  class space    used 3950K, capacity 4092K, committed 4096K, reserved 1048576K
Event: 5.040 GC heap after
Heap after GC invocations=6 (full 1):
 PSYoungGen      total 71680K, used 5117K [0x00000000d5d00000, 0x00000000dc280000, 0x0000000100000000)
  eden space 66560K, 0% used [0x00000000d5d00000,0x00000000d5d00000,0x00000000d9e00000)
  from space 5120K, 99% used [0x00000000d9e00000,0x00000000da2ff508,0x00000000da300000)
  to   space 16896K, 0% used [0x00000000db200000,0x00000000db200000,0x00000000dc280000)
 ParOldGen       total 66048K, used 23111K [0x0000000081600000, 0x0000000085680000, 0x00000000d5d00000)
  object space 66048K, 34% used [0x0000000081600000,0x0000000082c91e98,0x0000000085680000)
 Metaspace       used 31994K, capacity 32446K, committed 32768K, reserved 1077248K
  class space    used 3950K, capacity 4092K, committed 4096K, reserved 1048576K
}
Event: 5.691 GC heap before
{Heap before GC invocations=7 (full 1):
 PSYoungGen      total 71680K, used 38432K [0x00000000d5d00000, 0x00000000dc280000, 0x0000000100000000)
  eden space 66560K, 50% used [0x00000000d5d00000,0x00000000d7d88b70,0x00000000d9e00000)
  from space 5120K, 99% used [0x00000000d9e00000,0x00000000da2ff508,0x00000000da300000)
  to   space 16896K, 0% used [0x00000000db200000,0x00000000db200000,0x00000000dc280000)
 ParOldGen       total 66048K, used 23111K [0x0000000081600000, 0x0000000085680000, 0x00000000d5d00000)
  object space 66048K, 34% used [0x0000000081600000,0x0000000082c91e98,0x0000000085680000)
 Metaspace       used 34596K, capacity 35046K, committed 35416K, reserved 1081344K
  class space    used 4327K, capacity 4488K, committed 4608K, reserved 1048576K
Event: 5.708 GC heap after
Heap after GC invocations=7 (full 1):
 PSYoungGen      total 85504K, used 14596K [0x00000000d5d00000, 0x00000000de080000, 0x0000000100000000)
  eden space 68608K, 0% used [0x00000000d5d00000,0x00000000d5d00000,0x00000000da000000)
  from space 16896K, 86% used [0x00000000db200000,0x00000000dc0412d0,0x00000000dc280000)
  to   space 18432K, 0% used [0x00000000da000000,0x00000000da000000,0x00000000db200000)
 ParOldGen       total 66048K, used 23119K [0x0000000081600000, 0x0000000085680000, 0x00000000d5d00000)
  object space 66048K, 35% used [0x0000000081600000,0x0000000082c93e98,0x0000000085680000)
 Metaspace       used 34596K, capacity 35046K, committed 35416K, reserved 1081344K
  class space    used 4327K, capacity 4488K, committed 4608K, reserved 1048576K
}
Event: 5.708 GC heap before
{Heap before GC invocations=8 (full 2):
 PSYoungGen      total 85504K, used 14596K [0x00000000d5d00000, 0x00000000de080000, 0x0000000100000000)
  eden space 68608K, 0% used [0x00000000d5d00000,0x00000000d5d00000,0x00000000da000000)
  from space 16896K, 86% used [0x00000000db200000,0x00000000dc0412d0,0x00000000dc280000)
  to   space 18432K, 0% used [0x00000000da000000,0x00000000da000000,0x00000000db200000)
 ParOldGen       total 66048K, used 23119K [0x0000000081600000, 0x0000000085680000, 0x00000000d5d00000)
  object space 66048K, 35% used [0x0000000081600000,0x0000000082c93e98,0x0000000085680000)
 Metaspace       used 34596K, capacity 35046K, committed 35416K, reserved 1081344K
  class space    used 4327K, capacity 4488K, committed 4608K, reserved 1048576K
Event: 5.850 GC heap after
Heap after GC invocations=8 (full 2):
 PSYoungGen      total 85504K, used 0K [0x00000000d5d00000, 0x00000000de080000, 0x0000000100000000)
  eden space 68608K, 0% used [0x00000000d5d00000,0x00000000d5d00000,0x00000000da000000)
  from space 16896K, 0% used [0x00000000db200000,0x00000000db200000,0x00000000dc280000)
  to   space 18432K, 0% used [0x00000000da000000,0x00000000da000000,0x00000000db200000)
 ParOldGen       total 66048K, used 31745K [0x0000000081600000, 0x0000000085680000, 0x00000000d5d00000)
  object space 66048K, 48% used [0x0000000081600000,0x00000000835004f8,0x0000000085680000)
 Metaspace       used 34596K, capacity 35046K, committed 35416K, reserved 1081344K
  class space    used 4327K, capacity 4488K, committed 4608K, reserved 1048576K
}

Deoptimization events (10 events):
Event: 5.657 Thread 0x0000000002a26000 Uncommon trap: reason=class_check action=maybe_recompile pc=0x00000000035d10e4 method=org.jetbrains.kotlin.com.intellij.psi.impl.source.CharTableImpl.intern(Ljava/lang/CharSequence;II)Ljava/lang/CharSequence; @ 13
Event: 5.657 Thread 0x0000000002a26000 Uncommon trap: reason=class_check action=maybe_recompile pc=0x00000000035d10e4 method=org.jetbrains.kotlin.com.intellij.psi.impl.source.CharTableImpl.intern(Ljava/lang/CharSequence;II)Ljava/lang/CharSequence; @ 13
Event: 5.657 Thread 0x0000000002a26000 Uncommon trap: reason=class_check action=maybe_recompile pc=0x00000000035d6aac method=org.jetbrains.kotlin.com.intellij.psi.impl.source.CharTableImpl.intern(Ljava/lang/CharSequence;II)Ljava/lang/CharSequence; @ 13
Event: 5.657 Thread 0x0000000002a26000 Uncommon trap: reason=class_check action=maybe_recompile pc=0x00000000035cc864 method=org.jetbrains.kotlin.com.intellij.psi.impl.source.CharTableImpl.intern(Ljava/lang/CharSequence;II)Ljava/lang/CharSequence; @ 13
Event: 5.660 Thread 0x0000000002a26000 Uncommon trap: reason=bimorphic action=maybe_recompile pc=0x00000000035d9f3c method=org.jetbrains.kotlin.protobuf.CodedInputStream.tryRefillBuffer(I)Z @ 177
Event: 5.663 Thread 0x0000000002a26000 Uncommon trap: reason=bimorphic action=maybe_recompile pc=0x00000000035d9f3c method=org.jetbrains.kotlin.protobuf.CodedInputStream.tryRefillBuffer(I)Z @ 177
Event: 5.664 Thread 0x0000000002a26000 Uncommon trap: reason=bimorphic action=maybe_recompile pc=0x00000000035d9f3c method=org.jetbrains.kotlin.protobuf.CodedInputStream.tryRefillBuffer(I)Z @ 177
Event: 5.665 Thread 0x0000000002a26000 Uncommon trap: reason=bimorphic action=maybe_recompile pc=0x00000000035d9f3c method=org.jetbrains.kotlin.protobuf.CodedInputStream.tryRefillBuffer(I)Z @ 177
Event: 5.669 Thread 0x0000000002a26000 Uncommon trap: reason=unstable_if action=reinterpret pc=0x00000000034d8a70 method=org.jetbrains.org.objectweb.asm.ClassReader.readUTF(II[C)Ljava/lang/String; @ 77
Event: 5.671 Thread 0x0000000002a26000 Uncommon trap: reason=unstable_if action=reinterpret pc=0x000000000345353c method=org.jetbrains.org.objectweb.asm.ClassReader.readUTF(II[C)Ljava/lang/String; @ 77

Classes redefined (0 events):
No events

Internal exceptions (10 events):
Event: 3.827 Thread 0x0000000002a26000 Exception <a 'java/lang/NoSuchMethodError': java.lang.Object.lambda$static$0(I)[Lorg/jetbrains/kotlin/com/intellij/psi/PsiElement;> (0x00000000d7904470) thrown at [D:\src\AOSP-openjdk-cygwin\jdk8u\hotspot\src\share\vm\interpreter\linkResolver.cpp, line 58
Event: 3.892 Thread 0x0000000002a26000 Exception <a 'java/lang/NoSuchMethodError': java.lang.Object.lambda$static$0(I)[Lorg/jetbrains/kotlin/psi/KtExpression;> (0x00000000d7be83e8) thrown at [D:\src\AOSP-openjdk-cygwin\jdk8u\hotspot\src\share\vm\interpreter\linkResolver.cpp, line 584]
Event: 3.930 Thread 0x0000000002a26000 Implicit null exception at 0x00000000032334cc to 0x0000000003233575
Event: 4.073 Thread 0x0000000002a26000 Implicit null exception at 0x00000000032ddbe8 to 0x00000000032deae9
Event: 4.813 Thread 0x0000000002a26000 Implicit null exception at 0x000000000329b194 to 0x000000000329b36c
Event: 5.249 Thread 0x0000000002a26000 Exception <a 'java/lang/NoSuchMethodError': java.lang.Object.lambda$static$0(I)[Lorg/jetbrains/kotlin/com/intellij/psi/PsiClass;> (0x00000000d6c1ad40) thrown at [D:\src\AOSP-openjdk-cygwin\jdk8u\hotspot\src\share\vm\interpreter\linkResolver.cpp, line 584]
Event: 5.406 Thread 0x0000000002a26000 Implicit null exception at 0x00000000033e6470 to 0x00000000033e67fd
Event: 5.414 Thread 0x0000000002a26000 Exception <a 'java/lang/NoSuchMethodError': java.lang.Object.lambda$static$0(I)[Lorg/jetbrains/kotlin/com/intellij/psi/PsiTypeElement;> (0x00000000d70f6948) thrown at [D:\src\AOSP-openjdk-cygwin\jdk8u\hotspot\src\share\vm\interpreter\linkResolver.cpp, lin
Event: 5.514 Thread 0x0000000002a26000 Exception <a 'java/lang/NoSuchMethodError': java.lang.Object.lambda$static$0(I)[Lorg/jetbrains/kotlin/com/intellij/psi/PsiTypeParameter;> (0x00000000d7593850) thrown at [D:\src\AOSP-openjdk-cygwin\jdk8u\hotspot\src\share\vm\interpreter\linkResolver.cpp, l
Event: 5.533 Thread 0x0000000002a26000 Exception <a 'java/lang/NoSuchMethodError': java.lang.Object.lambda$static$0(I)[Lorg/jetbrains/kotlin/psi/KtTypeElement;> (0x00000000d7624140) thrown at [D:\src\AOSP-openjdk-cygwin\jdk8u\hotspot\src\share\vm\interpreter\linkResolver.cpp, line 584]

Events (10 events):
Event: 5.896 loading class org/jetbrains/kotlin/metadata/ProtoBuf$TypeAlias
Event: 5.896 loading class org/jetbrains/kotlin/metadata/ProtoBuf$TypeAlias done
Event: 5.897 loading class org/jetbrains/kotlin/metadata/ProtoBuf$TypeAliasOrBuilder
Event: 5.897 loading class org/jetbrains/kotlin/metadata/ProtoBuf$TypeAliasOrBuilder done
Event: 5.898 loading class org/jetbrains/kotlin/metadata/ProtoBuf$TypeAlias$1
Event: 5.898 loading class org/jetbrains/kotlin/metadata/ProtoBuf$TypeAlias$1 done
Event: 5.901 loading class org/jetbrains/kotlin/descriptors/FindClassInModuleKt
Event: 5.901 loading class org/jetbrains/kotlin/descriptors/FindClassInModuleKt done
Event: 5.906 loading class org/jetbrains/kotlin/load/kotlin/KotlinJvmBinarySourceElement
Event: 5.906 loading class org/jetbrains/kotlin/load/kotlin/KotlinJvmBinarySourceElement done


Dynamic libraries:
0x00007ff6db6f0000 - 0x00007ff6db721000 	C:\Program Files\Android\Android Studio\jre\jre\bin\java.exe
0x00007ffc1be40000 - 0x00007ffc1c021000 	C:\WINDOWS\SYSTEM32\ntdll.dll
0x00007ffc194b0000 - 0x00007ffc19562000 	C:\WINDOWS\System32\KERNEL32.DLL
0x00007ffc18450000 - 0x00007ffc186c3000 	C:\WINDOWS\System32\KERNELBASE.dll
0x00007ffc19400000 - 0x00007ffc194a1000 	C:\WINDOWS\System32\ADVAPI32.dll
0x00007ffc19570000 - 0x00007ffc1960e000 	C:\WINDOWS\System32\msvcrt.dll
0x00007ffc19620000 - 0x00007ffc1967b000 	C:\WINDOWS\System32\sechost.dll
0x00007ffc1a340000 - 0x00007ffc1a464000 	C:\WINDOWS\System32\RPCRT4.dll
0x00007ffc1b940000 - 0x00007ffc1bad0000 	C:\WINDOWS\System32\USER32.dll
0x00007ffc186d0000 - 0x00007ffc186f0000 	C:\WINDOWS\System32\win32u.dll
0x00007ffc1b910000 - 0x00007ffc1b938000 	C:\WINDOWS\System32\GDI32.dll
0x00007ffc182b0000 - 0x00007ffc18442000 	C:\WINDOWS\System32\gdi32full.dll
0x00007ffc18210000 - 0x00007ffc182af000 	C:\WINDOWS\System32\msvcp_win.dll
0x00007ffc18a10000 - 0x00007ffc18b0a000 	C:\WINDOWS\System32\ucrtbase.dll
0x00007ffc07300000 - 0x00007ffc07569000 	C:\WINDOWS\WinSxS\amd64_microsoft.windows.common-controls_6595b64144ccf1df_6.0.17134.165_none_fb429645306569ac\COMCTL32.dll
0x00007ffc1bae0000 - 0x00007ffc1be03000 	C:\WINDOWS\System32\combase.dll
0x00007ffc186f0000 - 0x00007ffc1876a000 	C:\WINDOWS\System32\bcryptPrimitives.dll
0x00007ffc19e50000 - 0x00007ffc19e7d000 	C:\WINDOWS\System32\IMM32.DLL
0x0000000077a30000 - 0x0000000077b02000 	C:\Program Files\Android\Android Studio\jre\jre\bin\msvcr100.dll
0x0000000076bc0000 - 0x00000000773ff000 	C:\Program Files\Android\Android Studio\jre\jre\bin\server\jvm.dll
0x00007ffc1bad0000 - 0x00007ffc1bad8000 	C:\WINDOWS\System32\PSAPI.DLL
0x00007ffc152a0000 - 0x00007ffc152c3000 	C:\WINDOWS\SYSTEM32\WINMM.dll
0x00007ffc01850000 - 0x00007ffc01859000 	C:\WINDOWS\SYSTEM32\WSOCK32.dll
0x00007ffc19c40000 - 0x00007ffc19cac000 	C:\WINDOWS\System32\WS2_32.dll
0x00007ffc15160000 - 0x00007ffc1518a000 	C:\WINDOWS\SYSTEM32\winmmbase.dll
0x00007ffc189c0000 - 0x00007ffc18a09000 	C:\WINDOWS\System32\cfgmgr32.dll
0x00007ffc15a70000 - 0x00007ffc15a7a000 	C:\WINDOWS\SYSTEM32\VERSION.dll
0x00007ffc15b50000 - 0x00007ffc15b5f000 	C:\Program Files\Android\Android Studio\jre\jre\bin\verify.dll
0x00007ffc09f30000 - 0x00007ffc09f59000 	C:\Program Files\Android\Android Studio\jre\jre\bin\java.dll
0x00007ffc122c0000 - 0x00007ffc122d6000 	C:\Program Files\Android\Android Studio\jre\jre\bin\zip.dll
0x00007ffc1a470000 - 0x00007ffc1b8b0000 	C:\WINDOWS\System32\SHELL32.dll
0x00007ffc192f0000 - 0x00007ffc19399000 	C:\WINDOWS\System32\shcore.dll
0x00007ffc18b10000 - 0x00007ffc1921d000 	C:\WINDOWS\System32\windows.storage.dll
0x00007ffc19f70000 - 0x00007ffc19fc1000 	C:\WINDOWS\System32\shlwapi.dll
0x00007ffc181d0000 - 0x00007ffc181e1000 	C:\WINDOWS\System32\kernel.appcore.dll
0x00007ffc181f0000 - 0x00007ffc1820f000 	C:\WINDOWS\System32\profapi.dll
0x00007ffc18150000 - 0x00007ffc1819c000 	C:\WINDOWS\System32\powrprof.dll
0x00007ffc181c0000 - 0x00007ffc181ca000 	C:\WINDOWS\System32\FLTLIB.DLL
0x00007ffc09f10000 - 0x00007ffc09f2a000 	C:\Program Files\Android\Android Studio\jre\jre\bin\net.dll
0x00007ffc179d0000 - 0x00007ffc17a36000 	C:\WINDOWS\system32\mswsock.dll
0x00007ffc0f920000 - 0x00007ffc0f931000 	C:\Program Files\Android\Android Studio\jre\jre\bin\nio.dll

VM Arguments:
java_command: org.jetbrains.kotlin.cli.jvm.K2JVMCompiler -Xadd-compiler-builtins -Xbuild-file=C:\Users\user\AppData\Local\Temp\kjps4671859947871848685app_debug.script.xml -classpath C:\Users\user\.gradle\caches\modules-2\files-2.1\org.jetbrains.kotlin\kotlin-stdlib-jdk8\1.2.51\68faa6fb7e32a7665a6849f242bc621c3ed48101\kotlin-stdlib-jdk8-1.2.51.jar;C:\Users\user\.gradle\caches\transforms-1\files-1.1\floating-text-button-0.0.4.aar\3cbecdd0ba91910645e58723395bded6\jars\classes.jar;C:\Users\user\.gradle\caches\transforms-1\files-1.1\CodeView-android-1.3.1.aar\aeca46bdef845201c4853d4ccb68d595\jars\classes.jar;C:\Users\user\.gradle\caches\transforms-1\files-1.1\design-27.1.1.aar\a173ca5b4dd86cdac8d45100bc1bb286\jars\classes.jar;C:\Users\user\.gradle\caches\transforms-1\files-1.1\appcompat-v7-27.1.1.aar\8f8306786a180045a4718f6e63daef1c\jars\classes.jar;C:\Users\user\.gradle\caches\transforms-1\files-1.1\support-v4-27.1.1.aar\1b8f6b7947ec5a229505dae74f845820\jars\classes.jar;C:\Users\user\.gradle\caches\transforms-1\files-1.1\constraint-layout-1.1.2.aar\304cd7cda6bbe944ba5c95c47380841b\jars\classes.jar;C:\Users\user\.gradle\caches\transforms-1\files-1.1\customtabs-27.1.1.aar\57b7522d06c397690bbeefba9dc6ac3a\jars\classes.jar;C:\Users\user\.gradle\caches\modules-2\files-2.1\org.jetbrains.anko\anko-commons\0.10.5\55538bc9d9af1f43477463e002443be54ff5ebf1\anko-commons-0.10.5.jar;C:\Users\user\.gradle\caches\transforms-1\files-1.1\circleimageview-2.2.0.aar\dc6214bb5d021f526a3dc7326154328f\jars\classes.jar;C:\Users\user\.gradle\caches\modules-2\files-2.1\com.squareup.retrofit2\converter-gson\2.4.0\15d7790ee311d961379c51b00aba12d5967cb7ea\converter-gson-2.4.0.jar;C:\Users\user\.gradle\caches\modules-2\files-2.1\com.squareup.retrofit2\retrofit\2.4.0\fc4aa382632bfaa7be7b41579efba41d5a71ecf3\retrofit-2.4.0.jar;C:\Users\user\.gradle\caches\modules-2\files-2.1\com.squareup.okhttp3\logging-interceptor\3.10.0\55f574ec622f65ac9c0e2e922d3ffa01dc4f139e\logging-interceptor-3.10.0.jar;C:\User
java_class_path (initial): C:\Users\user\.gradle\caches\modules-2\files-2.1\org.jetbrains.kotlin\kotlin-compiler-embeddable\1.2.51\205147cc6c2dcbe7d9d71125fe315b14b8a14be4\kotlin-compiler-embeddable-1.2.51.jar;C:\Users\user\.gradle\caches\modules-2\files-2.1\org.jetbrains.kotlin\kotlin-stdlib\1.2.51\fa8127e505bff50fec291d0dd619d1bda5c619e0\kotlin-stdlib-1.2.51.jar;C:\Users\user\.gradle\caches\modules-2\files-2.1\org.jetbrains.kotlin\kotlin-script-runtime\1.2.51\6f8ef6758f396b354e422c3e82d9cd14795fe0e2\kotlin-script-runtime-1.2.51.jar;C:\Users\user\.gradle\caches\modules-2\files-2.1\org.jetbrains.kotlin\kotlin-reflect\1.2.51\36b719a7b84452dd13eeec979d8c82bfb765c57d\kotlin-reflect-1.2.51.jar;C:\Users\user\.gradle\caches\modules-2\files-2.1\org.jetbrains.kotlin\kotlin-scripting-common\1.2.51\7861b42b7e5625df4a230d868476d4cda331be77\kotlin-scripting-common-1.2.51.jar;C:\Users\user\.gradle\caches\modules-2\files-2.1\org.jetbrains.kotlin\kotlin-scripting-jvm\1.2.51\f80afc81cf004fb572f8a09353960490ab6630c6\kotlin-scripting-jvm-1.2.51.jar;C:\Users\user\.gradle\caches\modules-2\files-2.1\org.jetbrains.kotlinx\kotlinx-coroutines-core\0.20\5f3fa9b5b2dc9cfc0d9358d5b2cab154d590a564\kotlinx-coroutines-core-0.20.jar;C:\Program Files\Android\Android Studio\jre\lib\tools.jar
Launcher Type: SUN_STANDARD

Environment Variables:
PATH=C:\ProgramData\Oracle\Java\javapath;C:\Program Files (x86)\Intel\iCLS Client\;C:\Program Files\Intel\iCLS Client\;C:\windows\system32;C:\windows;C:\windows\System32\Wbem;C:\windows\System32\WindowsPowerShell\v1.0\;C:\Program Files (x86)\NVIDIA Corporation\PhysX\Common;C:\Program Files (x86)\Intel\Intel(R) Management Engine Components\DAL;C:\Program Files\Intel\Intel(R) Management Engine Components\DAL;C:\Program Files (x86)\Intel\Intel(R) Management Engine Components\IPT;C:\Program Files\Intel\Intel(R) Management Engine Components\IPT;C:\WINDOWS\system32;C:\WINDOWS;C:\WINDOWS\System32\Wbem;C:\WINDOWS\System32\WindowsPowerShell\v1.0\;C:\Program Files\PuTTY\;C:\Program Files\Git\cmd;C:\WINDOWS\System32\OpenSSH\;C:\Program Files\Intel\WiFi\bin\;C:\Program Files\Common Files\Intel\WirelessCommon\;C:\workspace\protoc\bin;C:\Ruby24-x64\bin;C:\Users\user\AppData\Local\Programs\Python\Python36-32\Scripts\;C:\Users\user\AppData\Local\Programs\Python\Python36-32\;C:\Users\user\AppData\Local\Microsoft\WindowsApps;C:\Users\user\AppData\Local\GitHubDesktop\bin;C:\Program Files\Bandizip\
USERNAME=user
OS=Windows_NT
PROCESSOR_IDENTIFIER=Intel64 Family 6 Model 142 Stepping 9, GenuineIntel



---------------  S Y S T E M  ---------------

OS: Windows 10.0 , 64 bit Build 17134 (10.0.17134.1)

CPU:total 4 (initial active 4) (2 cores per cpu, 2 threads per core) family 6 model 142 stepping 9, cmov, cx8, fxsr, mmx, sse, sse2, sse3, ssse3, sse4.1, sse4.2, popcnt, avx, avx2, aes, clmul, erms, 3dnowpref, lzcnt, ht, tsc, tscinvbit, bmi1, bmi2, adx

Memory: 4k page, physical 8296816k(360820k free), swap 33462640k(5580k free)

vm_info: OpenJDK 64-Bit Server VM (25.152-b02) for windows-amd64 JRE (1.8.0_152-release-1024-b02), built by "builder" with MS VC++ 10.0 (VS2010)

time: Sun Aug 12 18:28:02 2018
elapsed time: 5 seconds (0d 0h 0m 5s)

